------------------------------Current Architecture [1]------------------------------
0. Mix(5x5_ResConv, 0.084)
1. Mix(7x7_SpaConv, 0.083)
2. Mix(3x3_SpaConv, 0.083)
3. Mix(3x3_SpaConv, 0.083)
4. Mix(3x3_MBConv4, 0.083)
5. Mix(5x5_MBConv6, 0.083)
6. Mix(3x3_SpaConv, 0.083)
7. Mix(5x5_ResConv, 0.083)
8. Mix(5x5_ResConv, 0.083)
9. Mix(7x7_SpaConv, 0.084)
10. Mix(3x3_GroupConv8, 0.084)
11. Mix(3x3_ResConv, 0.084)
12. Mix(3x3_MBConv2, 0.083)
13. Mix(3x3_ResConv, 0.084)
14. Mix(3x3_SpaConv, 0.083)
------------------------------------------------------------
------------------------------Current Architecture [2]------------------------------
0. Mix(3x3_ResConv, 0.084)
1. Mix(3x3_GroupConv2, 0.084)
2. Mix(3x3_SpaConv, 0.084)
3. Mix(3x3_SpaConv, 0.084)
4. Mix(3x3_GroupConv4, 0.084)
5. Mix(5x5_SpaConv, 0.084)
6. Mix(3x3_SpaConv, 0.084)
7. Mix(5x5_ResConv, 0.083)
8. Mix(5x5_ResConv, 0.084)
9. Mix(7x7_SpaConv, 0.084)
10. Mix(3x3_GroupConv8, 0.084)
11. Mix(3x3_ResConv, 0.084)
12. Mix(3x3_GroupConv2, 0.084)
13. Mix(3x3_ResConv, 0.084)
14. Mix(3x3_SpaConv, 0.084)
------------------------------------------------------------
------------------------------Current Architecture [3]------------------------------
0. Mix(3x3_ResConv, 0.085)
1. Mix(3x3_GroupConv2, 0.085)
2. Mix(3x3_SpaConv, 0.084)
3. Mix(3x3_SpaConv, 0.085)
4. Mix(3x3_GroupConv4, 0.085)
5. Mix(5x5_SpaConv, 0.084)
6. Mix(3x3_SpaConv, 0.085)
7. Mix(5x5_ResConv, 0.083)
8. Mix(5x5_ResConv, 0.084)
9. Mix(7x7_SpaConv, 0.085)
10. Mix(3x3_GroupConv8, 0.085)
11. Mix(3x3_ResConv, 0.084)
12. Mix(3x3_GroupConv2, 0.085)
13. Mix(3x3_ResConv, 0.084)
14. Mix(3x3_SpaConv, 0.085)
------------------------------------------------------------
------------------------------Current Architecture [4]------------------------------
0. Mix(3x3_ResConv, 0.085)
1. Mix(3x3_GroupConv2, 0.086)
2. Mix(3x3_SpaConv, 0.085)
3. Mix(3x3_SpaConv, 0.085)
4. Mix(7x7_SpaConv, 0.085)
5. Mix(5x5_SpaConv, 0.085)
6. Mix(3x3_SpaConv, 0.085)
7. Mix(5x5_ResConv, 0.083)
8. Mix(5x5_ResConv, 0.085)
9. Mix(7x7_SpaConv, 0.085)
10. Mix(3x3_GroupConv8, 0.085)
11. Mix(3x3_ResConv, 0.084)
12. Mix(3x3_GroupConv2, 0.085)
13. Mix(3x3_ResConv, 0.084)
14. Mix(3x3_SpaConv, 0.085)
------------------------------------------------------------
------------------------------Current Architecture [5]------------------------------
0. Mix(3x3_ResConv, 0.086)
1. Mix(3x3_GroupConv2, 0.086)
2. Mix(3x3_SpaConv, 0.085)
3. Mix(3x3_SpaConv, 0.086)
4. Mix(7x7_SpaConv, 0.086)
5. Mix(5x5_SpaConv, 0.085)
6. Mix(3x3_SpaConv, 0.086)
7. Mix(5x5_ResConv, 0.083)
8. Mix(5x5_ResConv, 0.085)
9. Mix(7x7_SpaConv, 0.086)
10. Mix(3x3_GroupConv8, 0.086)
11. Mix(3x3_ResConv, 0.084)
12. Mix(3x3_GroupConv2, 0.086)
13. Mix(3x3_ResConv, 0.084)
14. Mix(3x3_SpaConv, 0.086)
------------------------------------------------------------
------------------------------Current Architecture [6]------------------------------
0. Mix(3x3_ResConv, 0.086)
1. Mix(3x3_GroupConv2, 0.087)
2. Mix(3x3_SpaConv, 0.085)
3. Mix(3x3_SpaConv, 0.086)
4. Mix(7x7_SpaConv, 0.086)
5. Mix(5x5_SpaConv, 0.086)
6. Mix(3x3_SpaConv, 0.086)
7. Mix(5x5_ResConv, 0.083)
8. Mix(5x5_ResConv, 0.085)
9. Mix(7x7_SpaConv, 0.087)
10. Mix(3x3_GroupConv8, 0.086)
11. Mix(3x3_ResConv, 0.084)
12. Mix(3x3_GroupConv2, 0.087)
13. Mix(3x3_ResConv, 0.084)
14. Mix(3x3_SpaConv, 0.086)
------------------------------------------------------------
------------------------------Current Architecture [7]------------------------------
0. Mix(3x3_ResConv, 0.087)
1. Mix(3x3_GroupConv2, 0.088)
2. Mix(3x3_GroupConv8, 0.086)
3. Mix(3x3_SpaConv, 0.087)
4. Mix(7x7_SpaConv, 0.087)
5. Mix(5x5_SpaConv, 0.086)
6. Mix(3x3_SpaConv, 0.087)
7. Mix(5x5_ResConv, 0.083)
8. Mix(5x5_ResConv, 0.086)
9. Mix(7x7_SpaConv, 0.087)
10. Mix(3x3_GroupConv8, 0.087)
11. Mix(3x3_ResConv, 0.084)
12. Mix(3x3_GroupConv2, 0.087)
13. Mix(3x3_ResConv, 0.084)
14. Mix(3x3_SpaConv, 0.087)
------------------------------------------------------------
------------------------------Current Architecture [8]------------------------------
0. Mix(3x3_ResConv, 0.087)
1. Mix(3x3_GroupConv2, 0.088)
2. Mix(3x3_GroupConv8, 0.086)
3. Mix(3x3_SpaConv, 0.087)
4. Mix(7x7_SpaConv, 0.087)
5. Mix(5x5_SpaConv, 0.086)
6. Mix(3x3_SpaConv, 0.087)
7. Mix(5x5_ResConv, 0.083)
8. Mix(5x5_ResConv, 0.086)
9. Mix(7x7_SpaConv, 0.088)
10. Mix(3x3_GroupConv8, 0.087)
11. Mix(3x3_ResConv, 0.084)
12. Mix(3x3_GroupConv2, 0.088)
13. Mix(3x3_ResConv, 0.084)
14. Mix(3x3_SpaConv, 0.088)
------------------------------------------------------------
------------------------------Current Architecture [9]------------------------------
0. Mix(3x3_SpaConv, 0.088)
1. Mix(3x3_GroupConv2, 0.089)
2. Mix(3x3_GroupConv8, 0.087)
3. Mix(5x5_ResConv, 0.088)
4. Mix(3x3_ResConv, 0.088)
5. Mix(5x5_SpaConv, 0.087)
6. Mix(3x3_SpaConv, 0.088)
7. Mix(5x5_ResConv, 0.083)
8. Mix(5x5_ResConv, 0.087)
9. Mix(7x7_SpaConv, 0.089)
10. Mix(3x3_GroupConv8, 0.088)
11. Mix(3x3_ResConv, 0.084)
12. Mix(3x3_GroupConv2, 0.089)
13. Mix(3x3_ResConv, 0.084)
14. Mix(3x3_SpaConv, 0.088)
------------------------------------------------------------
------------------------------Current Architecture [10]------------------------------
0. Mix(3x3_SpaConv, 0.088)
1. Mix(3x3_GroupConv2, 0.090)
2. Mix(3x3_GroupConv4, 0.087)
3. Mix(5x5_ResConv, 0.088)
4. Mix(3x3_ResConv, 0.088)
5. Mix(5x5_SpaConv, 0.087)
6. Mix(3x3_SpaConv, 0.088)
7. Mix(5x5_ResConv, 0.083)
8. Mix(5x5_ResConv, 0.087)
9. Mix(7x7_SpaConv, 0.090)
10. Mix(3x3_GroupConv8, 0.088)
11. Mix(3x3_ResConv, 0.084)
12. Mix(3x3_GroupConv2, 0.090)
13. Mix(3x3_ResConv, 0.084)
14. Mix(3x3_SpaConv, 0.089)
------------------------------------------------------------
------------------------------Current Architecture [11]------------------------------
0. Mix(3x3_SpaConv, 0.089)
1. Mix(3x3_GroupConv2, 0.091)
2. Mix(3x3_GroupConv4, 0.088)
3. Mix(5x5_ResConv, 0.089)
4. Mix(3x3_ResConv, 0.089)
5. Mix(5x5_SpaConv, 0.088)
6. Mix(3x3_SpaConv, 0.089)
7. Mix(5x5_ResConv, 0.083)
8. Mix(3x3_ResConv, 0.087)
9. Mix(7x7_SpaConv, 0.090)
10. Mix(3x3_GroupConv8, 0.089)
11. Mix(3x3_ResConv, 0.084)
12. Mix(3x3_SpaConv, 0.090)
13. Mix(3x3_ResConv, 0.084)
14. Mix(3x3_SpaConv, 0.090)
------------------------------------------------------------
------------------------------Current Architecture [12]------------------------------
0. Mix(3x3_SpaConv, 0.089)
1. Mix(3x3_GroupConv2, 0.091)
2. Mix(3x3_GroupConv4, 0.088)
3. Mix(5x5_ResConv, 0.089)
4. Mix(3x3_ResConv, 0.089)
5. Mix(5x5_SpaConv, 0.088)
6. Mix(3x3_SpaConv, 0.089)
7. Mix(5x5_ResConv, 0.083)
8. Mix(3x3_ResConv, 0.088)
9. Mix(7x7_SpaConv, 0.091)
10. Mix(3x3_GroupConv8, 0.089)
11. Mix(3x3_ResConv, 0.084)
12. Mix(3x3_SpaConv, 0.091)
13. Mix(3x3_ResConv, 0.084)
14. Mix(3x3_SpaConv, 0.091)
------------------------------------------------------------
------------------------------Current Architecture [13]------------------------------
0. Mix(3x3_SpaConv, 0.090)
1. Mix(3x3_GroupConv2, 0.092)
2. Mix(3x3_GroupConv4, 0.089)
3. Mix(5x5_ResConv, 0.090)
4. Mix(3x3_ResConv, 0.090)
5. Mix(5x5_SpaConv, 0.089)
6. Mix(3x3_SpaConv, 0.090)
7. Mix(5x5_ResConv, 0.083)
8. Mix(3x3_ResConv, 0.088)
9. Mix(7x7_SpaConv, 0.092)
10. Mix(3x3_GroupConv8, 0.090)
11. Mix(3x3_ResConv, 0.084)
12. Mix(3x3_SpaConv, 0.092)
13. Mix(3x3_ResConv, 0.084)
14. Mix(3x3_SpaConv, 0.091)
------------------------------------------------------------
------------------------------Current Architecture [14]------------------------------
0. Mix(3x3_SpaConv, 0.090)
1. Mix(3x3_GroupConv2, 0.093)
2. Mix(3x3_GroupConv4, 0.089)
3. Mix(5x5_ResConv, 0.090)
4. Mix(3x3_ResConv, 0.090)
5. Mix(5x5_SpaConv, 0.089)
6. Mix(3x3_SpaConv, 0.091)
7. Mix(5x5_ResConv, 0.083)
8. Mix(3x3_ResConv, 0.089)
9. Mix(7x7_SpaConv, 0.093)
10. Mix(3x3_GroupConv8, 0.090)
11. Mix(3x3_ResConv, 0.084)
12. Mix(3x3_SpaConv, 0.093)
13. Mix(3x3_ResConv, 0.084)
14. Mix(3x3_SpaConv, 0.092)
------------------------------------------------------------
------------------------------Current Architecture [15]------------------------------
0. Mix(3x3_SpaConv, 0.091)
1. Mix(3x3_GroupConv2, 0.094)
2. Mix(3x3_GroupConv4, 0.090)
3. Mix(5x5_ResConv, 0.091)
4. Mix(3x3_ResConv, 0.091)
5. Mix(5x5_SpaConv, 0.090)
6. Mix(3x3_SpaConv, 0.091)
7. Mix(5x5_ResConv, 0.083)
8. Mix(3x3_ResConv, 0.089)
9. Mix(7x7_SpaConv, 0.093)
10. Mix(3x3_GroupConv8, 0.091)
11. Mix(3x3_ResConv, 0.084)
12. Mix(3x3_SpaConv, 0.093)
13. Mix(3x3_ResConv, 0.084)
14. Mix(3x3_SpaConv, 0.093)
------------------------------------------------------------
------------------------------Current Architecture [16]------------------------------
0. Mix(3x3_SpaConv, 0.091)
1. Mix(3x3_GroupConv2, 0.095)
2. Mix(3x3_GroupConv4, 0.090)
3. Mix(5x5_ResConv, 0.091)
4. Mix(3x3_ResConv, 0.091)
5. Mix(5x5_SpaConv, 0.090)
6. Mix(3x3_SpaConv, 0.092)
7. Mix(5x5_ResConv, 0.083)
8. Mix(3x3_ResConv, 0.089)
9. Mix(7x7_SpaConv, 0.094)
10. Mix(3x3_GroupConv8, 0.092)
11. Mix(3x3_ResConv, 0.084)
12. Mix(3x3_SpaConv, 0.094)
13. Mix(3x3_ResConv, 0.084)
14. Mix(3x3_SpaConv, 0.094)
------------------------------------------------------------
------------------------------Current Architecture [17]------------------------------
0. Mix(3x3_SpaConv, 0.092)
1. Mix(3x3_GroupConv2, 0.096)
2. Mix(3x3_GroupConv4, 0.091)
3. Mix(5x5_ResConv, 0.092)
4. Mix(3x3_ResConv, 0.092)
5. Mix(5x5_SpaConv, 0.091)
6. Mix(3x3_SpaConv, 0.092)
7. Mix(5x5_ResConv, 0.083)
8. Mix(3x3_ResConv, 0.090)
9. Mix(7x7_SpaConv, 0.095)
10. Mix(3x3_GroupConv8, 0.092)
11. Mix(3x3_ResConv, 0.084)
12. Mix(3x3_SpaConv, 0.095)
13. Mix(3x3_ResConv, 0.084)
14. Mix(3x3_SpaConv, 0.094)
------------------------------------------------------------
------------------------------Current Architecture [18]------------------------------
0. Mix(3x3_SpaConv, 0.092)
1. Mix(3x3_GroupConv2, 0.096)
2. Mix(3x3_GroupConv4, 0.092)
3. Mix(5x5_ResConv, 0.093)
4. Mix(3x3_ResConv, 0.092)
5. Mix(5x5_SpaConv, 0.091)
6. Mix(3x3_SpaConv, 0.093)
7. Mix(5x5_ResConv, 0.083)
8. Mix(3x3_ResConv, 0.090)
9. Mix(7x7_SpaConv, 0.095)
10. Mix(3x3_GroupConv8, 0.093)
11. Mix(3x3_ResConv, 0.084)
12. Mix(3x3_SpaConv, 0.096)
13. Mix(3x3_ResConv, 0.084)
14. Mix(3x3_SpaConv, 0.095)
------------------------------------------------------------
------------------------------Current Architecture [19]------------------------------
0. Mix(3x3_SpaConv, 0.093)
1. Mix(3x3_GroupConv2, 0.097)
2. Mix(3x3_GroupConv4, 0.092)
3. Mix(3x3_ResConv, 0.093)
4. Mix(3x3_ResConv, 0.093)
5. Mix(5x5_SpaConv, 0.092)
6. Mix(3x3_SpaConv, 0.093)
7. Mix(5x5_ResConv, 0.083)
8. Mix(3x3_ResConv, 0.091)
9. Mix(7x7_SpaConv, 0.096)
10. Mix(3x3_GroupConv8, 0.093)
11. Mix(3x3_ResConv, 0.084)
12. Mix(3x3_SpaConv, 0.096)
13. Mix(3x3_ResConv, 0.084)
14. Mix(3x3_SpaConv, 0.096)
------------------------------------------------------------
------------------------------Current Architecture [20]------------------------------
0. Mix(3x3_SpaConv, 0.094)
1. Mix(3x3_GroupConv8, 0.098)
2. Mix(3x3_GroupConv4, 0.093)
3. Mix(3x3_ResConv, 0.094)
4. Mix(3x3_ResConv, 0.093)
5. Mix(5x5_SpaConv, 0.093)
6. Mix(3x3_SpaConv, 0.094)
7. Mix(5x5_ResConv, 0.083)
8. Mix(3x3_ResConv, 0.091)
9. Mix(7x7_SpaConv, 0.097)
10. Mix(3x3_GroupConv8, 0.094)
11. Mix(3x3_ResConv, 0.084)
12. Mix(3x3_SpaConv, 0.097)
13. Mix(3x3_ResConv, 0.084)
14. Mix(3x3_SpaConv, 0.097)
------------------------------------------------------------
------------------------------Current Architecture [21]------------------------------
0. Mix(3x3_SpaConv, 0.094)
1. Mix(3x3_GroupConv8, 0.099)
2. Mix(3x3_GroupConv4, 0.093)
3. Mix(3x3_ResConv, 0.094)
4. Mix(3x3_ResConv, 0.094)
5. Mix(5x5_SpaConv, 0.093)
6. Mix(3x3_SpaConv, 0.094)
7. Mix(5x5_ResConv, 0.083)
8. Mix(3x3_ResConv, 0.091)
9. Mix(3x3_GroupConv2, 0.097)
10. Mix(3x3_GroupConv8, 0.094)
11. Mix(3x3_ResConv, 0.084)
12. Mix(3x3_SpaConv, 0.098)
13. Mix(3x3_ResConv, 0.084)
14. Mix(3x3_SpaConv, 0.097)
------------------------------------------------------------
------------------------------Current Architecture [22]------------------------------
0. Mix(3x3_SpaConv, 0.095)
1. Mix(3x3_GroupConv8, 0.100)
2. Mix(3x3_GroupConv4, 0.094)
3. Mix(3x3_ResConv, 0.095)
4. Mix(3x3_ResConv, 0.094)
5. Mix(3x3_SpaConv, 0.094)
6. Mix(3x3_SpaConv, 0.095)
7. Mix(5x5_ResConv, 0.083)
8. Mix(3x3_ResConv, 0.092)
9. Mix(3x3_GroupConv2, 0.098)
10. Mix(3x3_GroupConv8, 0.095)
11. Mix(3x3_ResConv, 0.084)
12. Mix(3x3_SpaConv, 0.098)
13. Mix(3x3_ResConv, 0.084)
14. Mix(3x3_SpaConv, 0.098)
------------------------------------------------------------
------------------------------Current Architecture [23]------------------------------
0. Mix(3x3_SpaConv, 0.095)
1. Mix(3x3_GroupConv8, 0.101)
2. Mix(3x3_GroupConv4, 0.095)
3. Mix(3x3_ResConv, 0.095)
4. Mix(3x3_ResConv, 0.095)
5. Mix(3x3_SpaConv, 0.095)
6. Mix(3x3_SpaConv, 0.095)
7. Mix(5x5_ResConv, 0.083)
8. Mix(3x3_ResConv, 0.092)
9. Mix(3x3_GroupConv2, 0.098)
10. Mix(3x3_GroupConv8, 0.095)
11. Mix(3x3_ResConv, 0.084)
12. Mix(3x3_SpaConv, 0.099)
13. Mix(3x3_ResConv, 0.084)
14. Mix(3x3_SpaConv, 0.099)
------------------------------------------------------------
------------------------------Current Architecture [24]------------------------------
0. Mix(3x3_SpaConv, 0.096)
1. Mix(3x3_GroupConv8, 0.102)
2. Mix(3x3_GroupConv4, 0.096)
3. Mix(3x3_ResConv, 0.096)
4. Mix(3x3_ResConv, 0.095)
5. Mix(3x3_SpaConv, 0.095)
6. Mix(3x3_SpaConv, 0.096)
7. Mix(5x5_ResConv, 0.083)
8. Mix(3x3_ResConv, 0.092)
9. Mix(3x3_GroupConv2, 0.099)
10. Mix(3x3_GroupConv8, 0.096)
11. Mix(3x3_ResConv, 0.084)
12. Mix(3x3_SpaConv, 0.100)
13. Mix(3x3_ResConv, 0.084)
14. Mix(3x3_SpaConv, 0.099)
------------------------------------------------------------
------------------------------Current Architecture [25]------------------------------
0. Mix(3x3_SpaConv, 0.096)
1. Mix(3x3_GroupConv8, 0.103)
2. Mix(3x3_GroupConv4, 0.096)
3. Mix(3x3_ResConv, 0.096)
4. Mix(3x3_ResConv, 0.096)
5. Mix(3x3_SpaConv, 0.096)
6. Mix(3x3_SpaConv, 0.096)
7. Mix(5x5_ResConv, 0.083)
8. Mix(3x3_ResConv, 0.093)
9. Mix(3x3_GroupConv2, 0.100)
10. Mix(3x3_GroupConv8, 0.096)
11. Mix(3x3_ResConv, 0.084)
12. Mix(3x3_SpaConv, 0.100)
13. Mix(3x3_ResConv, 0.084)
14. Mix(3x3_SpaConv, 0.100)
------------------------------------------------------------
------------------------------Current Architecture [26]------------------------------
0. Mix(3x3_SpaConv, 0.097)
1. Mix(3x3_GroupConv8, 0.104)
2. Mix(3x3_GroupConv4, 0.097)
3. Mix(3x3_ResConv, 0.097)
4. Mix(3x3_ResConv, 0.096)
5. Mix(3x3_SpaConv, 0.097)
6. Mix(3x3_SpaConv, 0.097)
7. Mix(5x5_ResConv, 0.083)
8. Mix(3x3_ResConv, 0.093)
9. Mix(3x3_GroupConv2, 0.100)
10. Mix(3x3_GroupConv8, 0.097)
11. Mix(3x3_ResConv, 0.084)
12. Mix(3x3_SpaConv, 0.101)
13. Mix(3x3_ResConv, 0.084)
14. Mix(3x3_SpaConv, 0.101)
------------------------------------------------------------
------------------------------Current Architecture [27]------------------------------
0. Mix(3x3_SpaConv, 0.097)
1. Mix(3x3_GroupConv8, 0.105)
2. Mix(3x3_GroupConv4, 0.098)
3. Mix(3x3_ResConv, 0.097)
4. Mix(3x3_ResConv, 0.097)
5. Mix(3x3_SpaConv, 0.097)
6. Mix(3x3_SpaConv, 0.097)
7. Mix(5x5_ResConv, 0.083)
8. Mix(3x3_ResConv, 0.094)
9. Mix(3x3_SpaConv, 0.101)
10. Mix(3x3_GroupConv8, 0.097)
11. Mix(3x3_ResConv, 0.084)
12. Mix(3x3_SpaConv, 0.102)
13. Mix(3x3_ResConv, 0.084)
14. Mix(3x3_SpaConv, 0.101)
------------------------------------------------------------
------------------------------Current Architecture [28]------------------------------
0. Mix(3x3_SpaConv, 0.098)
1. Mix(3x3_GroupConv8, 0.106)
2. Mix(3x3_GroupConv4, 0.099)
3. Mix(3x3_ResConv, 0.098)
4. Mix(3x3_ResConv, 0.097)
5. Mix(3x3_SpaConv, 0.098)
6. Mix(3x3_SpaConv, 0.098)
7. Mix(5x5_ResConv, 0.083)
8. Mix(3x3_ResConv, 0.094)
9. Mix(3x3_SpaConv, 0.102)
10. Mix(3x3_GroupConv8, 0.097)
11. Mix(3x3_ResConv, 0.084)
12. Mix(3x3_SpaConv, 0.102)
13. Mix(3x3_ResConv, 0.084)
14. Mix(3x3_SpaConv, 0.102)
------------------------------------------------------------
------------------------------Current Architecture [29]------------------------------
0. Mix(3x3_SpaConv, 0.098)
1. Mix(3x3_GroupConv8, 0.107)
2. Mix(3x3_GroupConv4, 0.100)
3. Mix(3x3_ResConv, 0.098)
4. Mix(3x3_ResConv, 0.098)
5. Mix(3x3_SpaConv, 0.099)
6. Mix(3x3_SpaConv, 0.098)
7. Mix(5x5_ResConv, 0.083)
8. Mix(3x3_ResConv, 0.094)
9. Mix(3x3_SpaConv, 0.102)
10. Mix(3x3_GroupConv8, 0.098)
11. Mix(3x3_ResConv, 0.084)
12. Mix(3x3_SpaConv, 0.103)
13. Mix(3x3_ResConv, 0.084)
14. Mix(3x3_SpaConv, 0.103)
------------------------------------------------------------
------------------------------Current Architecture [30]------------------------------
0. Mix(3x3_SpaConv, 0.099)
1. Mix(3x3_GroupConv8, 0.108)
2. Mix(3x3_GroupConv4, 0.100)
3. Mix(3x3_ResConv, 0.099)
4. Mix(3x3_ResConv, 0.098)
5. Mix(3x3_SpaConv, 0.099)
6. Mix(3x3_SpaConv, 0.099)
7. Mix(5x5_ResConv, 0.083)
8. Mix(3x3_ResConv, 0.095)
9. Mix(3x3_SpaConv, 0.103)
10. Mix(3x3_GroupConv8, 0.098)
11. Mix(3x3_ResConv, 0.084)
12. Mix(3x3_SpaConv, 0.103)
13. Mix(3x3_ResConv, 0.084)
14. Mix(3x3_SpaConv, 0.103)
------------------------------------------------------------
------------------------------Current Architecture [31]------------------------------
0. Mix(3x3_SpaConv, 0.099)
1. Mix(3x3_GroupConv8, 0.109)
2. Mix(3x3_GroupConv4, 0.101)
3. Mix(3x3_ResConv, 0.099)
4. Mix(3x3_ResConv, 0.099)
5. Mix(3x3_SpaConv, 0.100)
6. Mix(3x3_SpaConv, 0.100)
7. Mix(5x5_ResConv, 0.083)
8. Mix(3x3_ResConv, 0.095)
9. Mix(3x3_SpaConv, 0.104)
10. Mix(3x3_GroupConv8, 0.099)
11. Mix(3x3_ResConv, 0.084)
12. Mix(3x3_SpaConv, 0.104)
13. Mix(3x3_ResConv, 0.084)
14. Mix(3x3_SpaConv, 0.104)
------------------------------------------------------------
------------------------------Current Architecture [32]------------------------------
0. Mix(3x3_SpaConv, 0.100)
1. Mix(3x3_GroupConv8, 0.110)
2. Mix(3x3_GroupConv4, 0.102)
3. Mix(3x3_ResConv, 0.100)
4. Mix(3x3_ResConv, 0.099)
5. Mix(3x3_SpaConv, 0.101)
6. Mix(3x3_SpaConv, 0.100)
7. Mix(5x5_ResConv, 0.083)
8. Mix(3x3_ResConv, 0.096)
9. Mix(3x3_SpaConv, 0.104)
10. Mix(3x3_GroupConv8, 0.099)
11. Mix(3x3_ResConv, 0.084)
12. Mix(3x3_SpaConv, 0.105)
13. Mix(3x3_ResConv, 0.084)
14. Mix(3x3_SpaConv, 0.105)
------------------------------------------------------------
------------------------------Current Architecture [33]------------------------------
0. Mix(3x3_SpaConv, 0.100)
1. Mix(3x3_GroupConv8, 0.111)
2. Mix(3x3_GroupConv4, 0.103)
3. Mix(3x3_ResConv, 0.100)
4. Mix(3x3_ResConv, 0.100)
5. Mix(3x3_SpaConv, 0.101)
6. Mix(3x3_SpaConv, 0.101)
7. Mix(5x5_ResConv, 0.083)
8. Mix(3x3_ResConv, 0.096)
9. Mix(3x3_SpaConv, 0.105)
10. Mix(3x3_GroupConv8, 0.100)
11. Mix(3x3_ResConv, 0.084)
12. Mix(3x3_SpaConv, 0.105)
13. Mix(3x3_ResConv, 0.084)
14. Mix(3x3_SpaConv, 0.105)
------------------------------------------------------------
------------------------------Current Architecture [34]------------------------------
0. Mix(3x3_SpaConv, 0.101)
1. Mix(3x3_GroupConv8, 0.112)
2. Mix(3x3_GroupConv4, 0.104)
3. Mix(3x3_ResConv, 0.101)
4. Mix(3x3_ResConv, 0.100)
5. Mix(3x3_SpaConv, 0.102)
6. Mix(3x3_SpaConv, 0.101)
7. Mix(5x5_ResConv, 0.083)
8. Mix(3x3_ResConv, 0.097)
9. Mix(3x3_SpaConv, 0.105)
10. Mix(3x3_GroupConv8, 0.100)
11. Mix(3x3_ResConv, 0.084)
12. Mix(3x3_SpaConv, 0.106)
13. Mix(3x3_ResConv, 0.084)
14. Mix(3x3_SpaConv, 0.106)
------------------------------------------------------------
------------------------------Current Architecture [35]------------------------------
0. Mix(3x3_SpaConv, 0.101)
1. Mix(3x3_GroupConv8, 0.113)
2. Mix(3x3_GroupConv4, 0.105)
3. Mix(3x3_ResConv, 0.101)
4. Mix(3x3_ResConv, 0.101)
5. Mix(3x3_SpaConv, 0.103)
6. Mix(3x3_SpaConv, 0.102)
7. Mix(5x5_ResConv, 0.083)
8. Mix(3x3_ResConv, 0.097)
9. Mix(3x3_SpaConv, 0.106)
10. Mix(3x3_GroupConv8, 0.101)
11. Mix(3x3_ResConv, 0.084)
12. Mix(3x3_SpaConv, 0.107)
13. Mix(3x3_ResConv, 0.084)
14. Mix(3x3_SpaConv, 0.106)
------------------------------------------------------------
------------------------------Current Architecture [36]------------------------------
0. Mix(3x3_SpaConv, 0.102)
1. Mix(3x3_GroupConv8, 0.114)
2. Mix(3x3_GroupConv4, 0.106)
3. Mix(3x3_ResConv, 0.102)
4. Mix(3x3_ResConv, 0.101)
5. Mix(3x3_SpaConv, 0.103)
6. Mix(3x3_SpaConv, 0.102)
7. Mix(5x5_ResConv, 0.083)
8. Mix(3x3_ResConv, 0.097)
9. Mix(3x3_SpaConv, 0.107)
10. Mix(3x3_GroupConv8, 0.101)
11. Mix(3x3_ResConv, 0.084)
12. Mix(3x3_SpaConv, 0.107)
13. Mix(3x3_ResConv, 0.084)
14. Mix(3x3_SpaConv, 0.107)
------------------------------------------------------------
------------------------------Current Architecture [37]------------------------------
0. Mix(3x3_SpaConv, 0.102)
1. Mix(3x3_GroupConv8, 0.115)
2. Mix(3x3_GroupConv4, 0.107)
3. Mix(3x3_ResConv, 0.102)
4. Mix(3x3_ResConv, 0.102)
5. Mix(3x3_SpaConv, 0.104)
6. Mix(3x3_SpaConv, 0.103)
7. Mix(5x5_ResConv, 0.083)
8. Mix(3x3_ResConv, 0.098)
9. Mix(3x3_SpaConv, 0.107)
10. Mix(3x3_GroupConv8, 0.102)
11. Mix(3x3_ResConv, 0.084)
12. Mix(3x3_SpaConv, 0.108)
13. Mix(3x3_ResConv, 0.084)
14. Mix(3x3_SpaConv, 0.108)
------------------------------------------------------------
------------------------------Current Architecture [38]------------------------------
0. Mix(3x3_SpaConv, 0.103)
1. Mix(3x3_GroupConv8, 0.116)
2. Mix(3x3_GroupConv4, 0.108)
3. Mix(3x3_ResConv, 0.103)
4. Mix(3x3_ResConv, 0.102)
5. Mix(3x3_SpaConv, 0.105)
6. Mix(3x3_SpaConv, 0.103)
7. Mix(5x5_ResConv, 0.083)
8. Mix(3x3_ResConv, 0.098)
9. Mix(3x3_SpaConv, 0.108)
10. Mix(3x3_GroupConv8, 0.102)
11. Mix(3x3_ResConv, 0.084)
12. Mix(3x3_SpaConv, 0.108)
13. Mix(3x3_ResConv, 0.084)
14. Mix(3x3_SpaConv, 0.108)
------------------------------------------------------------
------------------------------Current Architecture [39]------------------------------
0. Mix(3x3_SpaConv, 0.103)
1. Mix(3x3_GroupConv8, 0.118)
2. Mix(3x3_GroupConv4, 0.109)
3. Mix(3x3_ResConv, 0.103)
4. Mix(3x3_ResConv, 0.102)
5. Mix(3x3_SpaConv, 0.105)
6. Mix(3x3_SpaConv, 0.104)
7. Mix(5x5_ResConv, 0.083)
8. Mix(3x3_ResConv, 0.099)
9. Mix(3x3_SpaConv, 0.108)
10. Mix(3x3_GroupConv8, 0.103)
11. Mix(3x3_ResConv, 0.084)
12. Mix(3x3_SpaConv, 0.109)
13. Mix(3x3_ResConv, 0.084)
14. Mix(3x3_SpaConv, 0.109)
------------------------------------------------------------
------------------------------Current Architecture [40]------------------------------
0. Mix(3x3_SpaConv, 0.104)
1. Mix(3x3_GroupConv8, 0.119)
2. Mix(3x3_GroupConv4, 0.110)
3. Mix(3x3_ResConv, 0.103)
4. Mix(3x3_ResConv, 0.103)
5. Mix(3x3_SpaConv, 0.106)
6. Mix(3x3_SpaConv, 0.104)
7. Mix(5x5_ResConv, 0.083)
8. Mix(3x3_ResConv, 0.099)
9. Mix(3x3_SpaConv, 0.109)
10. Mix(3x3_GroupConv8, 0.103)
11. Mix(3x3_ResConv, 0.084)
12. Mix(3x3_SpaConv, 0.109)
13. Mix(3x3_ResConv, 0.084)
14. Mix(3x3_SpaConv, 0.109)
------------------------------------------------------------
------------------------------Current Architecture [41]------------------------------
0. Mix(3x3_SpaConv, 0.104)
1. Mix(3x3_GroupConv8, 0.120)
2. Mix(3x3_GroupConv4, 0.112)
3. Mix(3x3_ResConv, 0.104)
4. Mix(3x3_ResConv, 0.103)
5. Mix(3x3_SpaConv, 0.107)
6. Mix(3x3_SpaConv, 0.105)
7. Mix(5x5_ResConv, 0.083)
8. Mix(3x3_ResConv, 0.100)
9. Mix(3x3_SpaConv, 0.109)
10. Mix(3x3_GroupConv8, 0.104)
11. Mix(3x3_ResConv, 0.084)
12. Mix(3x3_SpaConv, 0.110)
13. Mix(3x3_ResConv, 0.084)
14. Mix(3x3_SpaConv, 0.110)
------------------------------------------------------------
------------------------------Current Architecture [42]------------------------------
0. Mix(3x3_SpaConv, 0.105)
1. Mix(3x3_GroupConv8, 0.121)
2. Mix(3x3_GroupConv4, 0.113)
3. Mix(3x3_ResConv, 0.104)
4. Mix(3x3_ResConv, 0.104)
5. Mix(3x3_SpaConv, 0.107)
6. Mix(3x3_SpaConv, 0.105)
7. Mix(5x5_ResConv, 0.083)
8. Mix(3x3_ResConv, 0.100)
9. Mix(3x3_SpaConv, 0.110)
10. Mix(3x3_GroupConv8, 0.104)
11. Mix(3x3_ResConv, 0.084)
12. Mix(3x3_SpaConv, 0.111)
13. Mix(3x3_ResConv, 0.084)
14. Mix(3x3_SpaConv, 0.111)
------------------------------------------------------------
------------------------------Current Architecture [43]------------------------------
0. Mix(3x3_SpaConv, 0.105)
1. Mix(3x3_GroupConv8, 0.122)
2. Mix(3x3_GroupConv4, 0.114)
3. Mix(3x3_ResConv, 0.105)
4. Mix(3x3_ResConv, 0.104)
5. Mix(3x3_SpaConv, 0.108)
6. Mix(3x3_SpaConv, 0.106)
7. Mix(5x5_ResConv, 0.083)
8. Mix(3x3_ResConv, 0.100)
9. Mix(3x3_SpaConv, 0.111)
10. Mix(3x3_GroupConv8, 0.105)
11. Mix(3x3_ResConv, 0.084)
12. Mix(3x3_SpaConv, 0.111)
13. Mix(3x3_ResConv, 0.084)
14. Mix(3x3_SpaConv, 0.111)
------------------------------------------------------------
------------------------------Current Architecture [44]------------------------------
0. Mix(3x3_SpaConv, 0.106)
1. Mix(3x3_GroupConv8, 0.123)
2. Mix(3x3_GroupConv4, 0.115)
3. Mix(3x3_ResConv, 0.105)
4. Mix(3x3_ResConv, 0.105)
5. Mix(3x3_SpaConv, 0.109)
6. Mix(3x3_SpaConv, 0.107)
7. Mix(5x5_ResConv, 0.083)
8. Mix(3x3_ResConv, 0.101)
9. Mix(3x3_SpaConv, 0.111)
10. Mix(3x3_GroupConv8, 0.105)
11. Mix(3x3_ResConv, 0.084)
12. Mix(3x3_SpaConv, 0.112)
13. Mix(3x3_ResConv, 0.084)
14. Mix(3x3_SpaConv, 0.112)
------------------------------------------------------------
------------------------------Current Architecture [45]------------------------------
0. Mix(3x3_SpaConv, 0.106)
1. Mix(3x3_GroupConv8, 0.124)
2. Mix(3x3_GroupConv4, 0.116)
3. Mix(3x3_ResConv, 0.106)
4. Mix(3x3_ResConv, 0.105)
5. Mix(3x3_SpaConv, 0.109)
6. Mix(3x3_SpaConv, 0.107)
7. Mix(5x5_ResConv, 0.083)
8. Mix(3x3_ResConv, 0.101)
9. Mix(3x3_SpaConv, 0.112)
10. Mix(3x3_GroupConv8, 0.106)
11. Mix(3x3_ResConv, 0.084)
12. Mix(3x3_SpaConv, 0.112)
13. Mix(3x3_ResConv, 0.084)
14. Mix(3x3_SpaConv, 0.112)
------------------------------------------------------------
------------------------------Current Architecture [46]------------------------------
0. Mix(3x3_SpaConv, 0.107)
1. Mix(3x3_GroupConv8, 0.125)
2. Mix(3x3_GroupConv4, 0.117)
3. Mix(3x3_ResConv, 0.106)
4. Mix(3x3_ResConv, 0.106)
5. Mix(3x3_SpaConv, 0.110)
6. Mix(3x3_SpaConv, 0.108)
7. Mix(5x5_ResConv, 0.083)
8. Mix(3x3_ResConv, 0.102)
9. Mix(3x3_SpaConv, 0.112)
10. Mix(3x3_GroupConv8, 0.106)
11. Mix(3x3_ResConv, 0.084)
12. Mix(3x3_SpaConv, 0.113)
13. Mix(3x3_ResConv, 0.084)
14. Mix(3x3_SpaConv, 0.113)
------------------------------------------------------------
------------------------------Current Architecture [47]------------------------------
0. Mix(3x3_SpaConv, 0.107)
1. Mix(3x3_GroupConv8, 0.127)
2. Mix(3x3_GroupConv4, 0.119)
3. Mix(3x3_ResConv, 0.107)
4. Mix(3x3_ResConv, 0.106)
5. Mix(3x3_SpaConv, 0.110)
6. Mix(3x3_SpaConv, 0.108)
7. Mix(5x5_ResConv, 0.083)
8. Mix(3x3_ResConv, 0.102)
9. Mix(3x3_SpaConv, 0.113)
10. Mix(3x3_GroupConv8, 0.107)
11. Mix(3x3_ResConv, 0.084)
12. Mix(3x3_SpaConv, 0.113)
13. Mix(3x3_ResConv, 0.084)
14. Mix(3x3_SpaConv, 0.113)
------------------------------------------------------------
------------------------------Current Architecture [48]------------------------------
0. Mix(3x3_SpaConv, 0.108)
1. Mix(3x3_GroupConv8, 0.128)
2. Mix(3x3_GroupConv4, 0.120)
3. Mix(3x3_ResConv, 0.107)
4. Mix(3x3_ResConv, 0.107)
5. Mix(3x3_SpaConv, 0.111)
6. Mix(3x3_SpaConv, 0.109)
7. Mix(5x5_ResConv, 0.083)
8. Mix(3x3_ResConv, 0.103)
9. Mix(3x3_SpaConv, 0.113)
10. Mix(3x3_GroupConv8, 0.107)
11. Mix(3x3_ResConv, 0.084)
12. Mix(3x3_SpaConv, 0.114)
13. Mix(3x3_ResConv, 0.084)
14. Mix(3x3_SpaConv, 0.114)
------------------------------------------------------------
------------------------------Current Architecture [49]------------------------------
0. Mix(3x3_SpaConv, 0.108)
1. Mix(3x3_GroupConv8, 0.129)
2. Mix(3x3_GroupConv4, 0.121)
3. Mix(3x3_ResConv, 0.108)
4. Mix(3x3_ResConv, 0.107)
5. Mix(3x3_SpaConv, 0.111)
6. Mix(3x3_SpaConv, 0.109)
7. Mix(5x5_ResConv, 0.083)
8. Mix(3x3_ResConv, 0.103)
9. Mix(3x3_SpaConv, 0.114)
10. Mix(3x3_GroupConv8, 0.108)
11. Mix(3x3_ResConv, 0.084)
12. Mix(3x3_SpaConv, 0.114)
13. Mix(3x3_ResConv, 0.084)
14. Mix(3x3_SpaConv, 0.114)
------------------------------------------------------------
------------------------------Current Architecture [50]------------------------------
0. Mix(3x3_SpaConv, 0.109)
1. Mix(3x3_GroupConv8, 0.130)
2. Mix(3x3_GroupConv4, 0.123)
3. Mix(3x3_ResConv, 0.108)
4. Mix(3x3_ResConv, 0.108)
5. Mix(3x3_SpaConv, 0.112)
6. Mix(3x3_SpaConv, 0.110)
7. Mix(5x5_ResConv, 0.083)
8. Mix(3x3_ResConv, 0.103)
9. Mix(3x3_SpaConv, 0.114)
10. Mix(3x3_GroupConv8, 0.108)
11. Mix(3x3_ResConv, 0.084)
12. Mix(3x3_SpaConv, 0.115)
13. Mix(3x3_ResConv, 0.084)
14. Mix(3x3_SpaConv, 0.115)
------------------------------------------------------------
------------------------------Current Architecture [51]------------------------------
0. Mix(3x3_SpaConv, 0.109)
1. Mix(3x3_GroupConv8, 0.131)
2. Mix(3x3_GroupConv4, 0.124)
3. Mix(3x3_ResConv, 0.109)
4. Mix(3x3_ResConv, 0.108)
5. Mix(3x3_SpaConv, 0.113)
6. Mix(3x3_SpaConv, 0.110)
7. Mix(5x5_ResConv, 0.083)
8. Mix(3x3_ResConv, 0.104)
9. Mix(3x3_SpaConv, 0.115)
10. Mix(3x3_GroupConv8, 0.109)
11. Mix(3x3_ResConv, 0.084)
12. Mix(3x3_SpaConv, 0.115)
13. Mix(3x3_ResConv, 0.084)
14. Mix(3x3_SpaConv, 0.116)
------------------------------------------------------------
------------------------------Current Architecture [52]------------------------------
0. Mix(3x3_SpaConv, 0.110)
1. Mix(3x3_GroupConv8, 0.133)
2. Mix(3x3_GroupConv4, 0.125)
3. Mix(3x3_ResConv, 0.109)
4. Mix(3x3_ResConv, 0.109)
5. Mix(3x3_SpaConv, 0.113)
6. Mix(3x3_SpaConv, 0.111)
7. Mix(5x5_ResConv, 0.083)
8. Mix(3x3_ResConv, 0.104)
9. Mix(3x3_SpaConv, 0.115)
10. Mix(3x3_GroupConv8, 0.109)
11. Mix(3x3_ResConv, 0.084)
12. Mix(3x3_SpaConv, 0.116)
13. Mix(3x3_ResConv, 0.084)
14. Mix(3x3_SpaConv, 0.116)
------------------------------------------------------------
------------------------------Current Architecture [53]------------------------------
0. Mix(3x3_SpaConv, 0.110)
1. Mix(3x3_GroupConv8, 0.134)
2. Mix(3x3_GroupConv4, 0.126)
3. Mix(3x3_ResConv, 0.110)
4. Mix(3x3_ResConv, 0.109)
5. Mix(3x3_SpaConv, 0.114)
6. Mix(3x3_SpaConv, 0.111)
7. Mix(5x5_ResConv, 0.083)
8. Mix(3x3_ResConv, 0.105)
9. Mix(3x3_SpaConv, 0.116)
10. Mix(3x3_GroupConv8, 0.110)
11. Mix(3x3_ResConv, 0.084)
12. Mix(3x3_SpaConv, 0.116)
13. Mix(3x3_ResConv, 0.084)
14. Mix(3x3_SpaConv, 0.117)
------------------------------------------------------------
------------------------------Current Architecture [54]------------------------------
0. Mix(3x3_SpaConv, 0.111)
1. Mix(3x3_GroupConv8, 0.135)
2. Mix(3x3_GroupConv4, 0.128)
3. Mix(3x3_ResConv, 0.110)
4. Mix(3x3_ResConv, 0.110)
5. Mix(3x3_SpaConv, 0.114)
6. Mix(3x3_SpaConv, 0.112)
7. Mix(5x5_ResConv, 0.083)
8. Mix(3x3_ResConv, 0.105)
9. Mix(3x3_SpaConv, 0.116)
10. Mix(3x3_GroupConv8, 0.110)
11. Mix(3x3_ResConv, 0.084)
12. Mix(3x3_SpaConv, 0.117)
13. Mix(3x3_ResConv, 0.084)
14. Mix(3x3_SpaConv, 0.117)
------------------------------------------------------------
------------------------------Current Architecture [55]------------------------------
0. Mix(3x3_SpaConv, 0.111)
1. Mix(3x3_GroupConv8, 0.136)
2. Mix(3x3_GroupConv4, 0.129)
3. Mix(3x3_ResConv, 0.111)
4. Mix(3x3_ResConv, 0.110)
5. Mix(3x3_SpaConv, 0.115)
6. Mix(3x3_SpaConv, 0.112)
7. Mix(5x5_ResConv, 0.083)
8. Mix(3x3_ResConv, 0.106)
9. Mix(3x3_SpaConv, 0.117)
10. Mix(3x3_GroupConv8, 0.111)
11. Mix(3x3_ResConv, 0.084)
12. Mix(3x3_SpaConv, 0.117)
13. Mix(3x3_ResConv, 0.084)
14. Mix(3x3_SpaConv, 0.118)
------------------------------------------------------------
------------------------------Current Architecture [56]------------------------------
0. Mix(3x3_SpaConv, 0.112)
1. Mix(3x3_GroupConv8, 0.137)
2. Mix(3x3_GroupConv4, 0.131)
3. Mix(3x3_ResConv, 0.111)
4. Mix(3x3_ResConv, 0.111)
5. Mix(3x3_SpaConv, 0.115)
6. Mix(3x3_SpaConv, 0.113)
7. Mix(5x5_ResConv, 0.083)
8. Mix(3x3_ResConv, 0.106)
9. Mix(3x3_SpaConv, 0.117)
10. Mix(3x3_GroupConv8, 0.111)
11. Mix(3x3_ResConv, 0.084)
12. Mix(3x3_SpaConv, 0.118)
13. Mix(3x3_ResConv, 0.084)
14. Mix(3x3_SpaConv, 0.118)
------------------------------------------------------------
------------------------------Current Architecture [57]------------------------------
0. Mix(3x3_SpaConv, 0.112)
1. Mix(3x3_GroupConv8, 0.139)
2. Mix(3x3_GroupConv4, 0.132)
3. Mix(3x3_ResConv, 0.112)
4. Mix(3x3_ResConv, 0.111)
5. Mix(3x3_SpaConv, 0.116)
6. Mix(3x3_SpaConv, 0.113)
7. Mix(5x5_ResConv, 0.083)
8. Mix(3x3_ResConv, 0.106)
9. Mix(3x3_SpaConv, 0.118)
10. Mix(3x3_GroupConv8, 0.112)
11. Mix(3x3_ResConv, 0.084)
12. Mix(3x3_SpaConv, 0.118)
13. Mix(3x3_ResConv, 0.084)
14. Mix(3x3_SpaConv, 0.119)
------------------------------------------------------------
------------------------------Current Architecture [58]------------------------------
0. Mix(3x3_SpaConv, 0.113)
1. Mix(3x3_GroupConv8, 0.140)
2. Mix(3x3_GroupConv4, 0.133)
3. Mix(3x3_ResConv, 0.112)
4. Mix(3x3_ResConv, 0.112)
5. Mix(3x3_SpaConv, 0.116)
6. Mix(3x3_SpaConv, 0.114)
7. Mix(5x5_ResConv, 0.083)
8. Mix(3x3_ResConv, 0.107)
9. Mix(3x3_SpaConv, 0.118)
10. Mix(3x3_GroupConv8, 0.112)
11. Mix(3x3_ResConv, 0.084)
12. Mix(3x3_SpaConv, 0.119)
13. Mix(3x3_ResConv, 0.084)
14. Mix(3x3_SpaConv, 0.119)
------------------------------------------------------------
------------------------------Current Architecture [59]------------------------------
0. Mix(3x3_SpaConv, 0.113)
1. Mix(3x3_GroupConv8, 0.141)
2. Mix(3x3_GroupConv4, 0.135)
3. Mix(3x3_ResConv, 0.113)
4. Mix(3x3_ResConv, 0.112)
5. Mix(3x3_SpaConv, 0.117)
6. Mix(3x3_SpaConv, 0.114)
7. Mix(5x5_ResConv, 0.083)
8. Mix(3x3_ResConv, 0.107)
9. Mix(3x3_SpaConv, 0.119)
10. Mix(3x3_GroupConv8, 0.113)
11. Mix(3x3_ResConv, 0.084)
12. Mix(3x3_SpaConv, 0.119)
13. Mix(3x3_ResConv, 0.084)
14. Mix(3x3_SpaConv, 0.120)
------------------------------------------------------------
------------------------------Current Architecture [60]------------------------------
0. Mix(3x3_SpaConv, 0.114)
1. Mix(3x3_GroupConv8, 0.142)
2. Mix(3x3_GroupConv4, 0.136)
3. Mix(3x3_ResConv, 0.114)
4. Mix(3x3_ResConv, 0.113)
5. Mix(3x3_SpaConv, 0.118)
6. Mix(3x3_SpaConv, 0.114)
7. Mix(5x5_ResConv, 0.083)
8. Mix(3x3_ResConv, 0.108)
9. Mix(3x3_SpaConv, 0.119)
10. Mix(3x3_GroupConv8, 0.113)
11. Mix(3x3_ResConv, 0.084)
12. Mix(3x3_SpaConv, 0.120)
13. Mix(3x3_ResConv, 0.084)
14. Mix(3x3_SpaConv, 0.120)
------------------------------------------------------------
------------------------------Current Architecture [61]------------------------------
0. Mix(3x3_SpaConv, 0.114)
1. Mix(3x3_GroupConv8, 0.144)
2. Mix(3x3_GroupConv4, 0.138)
3. Mix(3x3_ResConv, 0.114)
4. Mix(3x3_ResConv, 0.113)
5. Mix(3x3_SpaConv, 0.118)
6. Mix(3x3_SpaConv, 0.115)
7. Mix(5x5_ResConv, 0.083)
8. Mix(3x3_ResConv, 0.108)
9. Mix(3x3_SpaConv, 0.120)
10. Mix(3x3_GroupConv8, 0.113)
11. Mix(3x3_ResConv, 0.084)
12. Mix(3x3_SpaConv, 0.120)
13. Mix(3x3_ResConv, 0.084)
14. Mix(3x3_SpaConv, 0.121)
------------------------------------------------------------
------------------------------Current Architecture [62]------------------------------
0. Mix(3x3_SpaConv, 0.115)
1. Mix(3x3_GroupConv8, 0.145)
2. Mix(3x3_GroupConv4, 0.139)
3. Mix(3x3_ResConv, 0.115)
4. Mix(3x3_ResConv, 0.114)
5. Mix(3x3_SpaConv, 0.119)
6. Mix(3x3_SpaConv, 0.115)
7. Mix(5x5_ResConv, 0.083)
8. Mix(3x3_ResConv, 0.108)
9. Mix(3x3_SpaConv, 0.120)
10. Mix(3x3_GroupConv8, 0.114)
11. Mix(3x3_ResConv, 0.084)
12. Mix(3x3_SpaConv, 0.121)
13. Mix(3x3_ResConv, 0.084)
14. Mix(3x3_SpaConv, 0.121)
------------------------------------------------------------
------------------------------Current Architecture [63]------------------------------
0. Mix(3x3_SpaConv, 0.116)
1. Mix(3x3_GroupConv8, 0.146)
2. Mix(3x3_GroupConv4, 0.141)
3. Mix(3x3_ResConv, 0.115)
4. Mix(3x3_ResConv, 0.114)
5. Mix(3x3_SpaConv, 0.119)
6. Mix(3x3_SpaConv, 0.116)
7. Mix(5x5_ResConv, 0.083)
8. Mix(3x3_ResConv, 0.109)
9. Mix(3x3_SpaConv, 0.121)
10. Mix(3x3_GroupConv8, 0.114)
11. Mix(3x3_ResConv, 0.084)
12. Mix(3x3_SpaConv, 0.121)
13. Mix(3x3_ResConv, 0.084)
14. Mix(3x3_SpaConv, 0.122)
------------------------------------------------------------
------------------------------Current Architecture [64]------------------------------
0. Mix(3x3_SpaConv, 0.116)
1. Mix(3x3_GroupConv8, 0.148)
2. Mix(3x3_GroupConv4, 0.142)
3. Mix(3x3_ResConv, 0.116)
4. Mix(3x3_ResConv, 0.115)
5. Mix(3x3_SpaConv, 0.120)
6. Mix(3x3_SpaConv, 0.116)
7. Mix(5x5_ResConv, 0.083)
8. Mix(3x3_ResConv, 0.109)
9. Mix(3x3_SpaConv, 0.121)
10. Mix(3x3_GroupConv8, 0.115)
11. Mix(3x3_ResConv, 0.084)
12. Mix(3x3_SpaConv, 0.122)
13. Mix(3x3_ResConv, 0.084)
14. Mix(3x3_SpaConv, 0.122)
------------------------------------------------------------
------------------------------Current Architecture [65]------------------------------
0. Mix(3x3_SpaConv, 0.117)
1. Mix(3x3_GroupConv8, 0.149)
2. Mix(3x3_GroupConv4, 0.143)
3. Mix(3x3_ResConv, 0.116)
4. Mix(3x3_ResConv, 0.115)
5. Mix(3x3_SpaConv, 0.120)
6. Mix(3x3_SpaConv, 0.117)
7. Mix(5x5_ResConv, 0.083)
8. Mix(3x3_ResConv, 0.110)
9. Mix(3x3_SpaConv, 0.122)
10. Mix(3x3_GroupConv8, 0.115)
11. Mix(3x3_ResConv, 0.084)
12. Mix(3x3_SpaConv, 0.122)
13. Mix(3x3_ResConv, 0.084)
14. Mix(3x3_SpaConv, 0.123)
------------------------------------------------------------
------------------------------Current Architecture [66]------------------------------
0. Mix(3x3_SpaConv, 0.117)
1. Mix(3x3_GroupConv8, 0.150)
2. Mix(3x3_GroupConv4, 0.145)
3. Mix(3x3_ResConv, 0.117)
4. Mix(3x3_ResConv, 0.116)
5. Mix(3x3_SpaConv, 0.121)
6. Mix(3x3_SpaConv, 0.117)
7. Mix(5x5_ResConv, 0.083)
8. Mix(3x3_ResConv, 0.110)
9. Mix(3x3_SpaConv, 0.122)
10. Mix(3x3_GroupConv8, 0.116)
11. Mix(3x3_ResConv, 0.084)
12. Mix(3x3_SpaConv, 0.123)
13. Mix(3x3_ResConv, 0.084)
14. Mix(3x3_SpaConv, 0.123)
------------------------------------------------------------
------------------------------Current Architecture [67]------------------------------
0. Mix(3x3_SpaConv, 0.118)
1. Mix(3x3_GroupConv8, 0.152)
2. Mix(3x3_GroupConv4, 0.146)
3. Mix(3x3_ResConv, 0.117)
4. Mix(3x3_ResConv, 0.116)
5. Mix(3x3_SpaConv, 0.121)
6. Mix(3x3_SpaConv, 0.117)
7. Mix(5x5_ResConv, 0.083)
8. Mix(3x3_ResConv, 0.111)
9. Mix(3x3_SpaConv, 0.123)
10. Mix(3x3_GroupConv8, 0.116)
11. Mix(3x3_ResConv, 0.084)
12. Mix(3x3_SpaConv, 0.123)
13. Mix(3x3_ResConv, 0.084)
14. Mix(3x3_SpaConv, 0.124)
------------------------------------------------------------
------------------------------Current Architecture [68]------------------------------
0. Mix(3x3_SpaConv, 0.118)
1. Mix(3x3_GroupConv8, 0.153)
2. Mix(3x3_GroupConv4, 0.148)
3. Mix(3x3_ResConv, 0.118)
4. Mix(3x3_ResConv, 0.117)
5. Mix(3x3_SpaConv, 0.122)
6. Mix(3x3_SpaConv, 0.118)
7. Mix(5x5_ResConv, 0.083)
8. Mix(3x3_ResConv, 0.111)
9. Mix(3x3_SpaConv, 0.123)
10. Mix(3x3_GroupConv8, 0.117)
11. Mix(3x3_ResConv, 0.084)
12. Mix(3x3_SpaConv, 0.124)
13. Mix(3x3_ResConv, 0.084)
14. Mix(3x3_SpaConv, 0.124)
------------------------------------------------------------
------------------------------Current Architecture [69]------------------------------
0. Mix(3x3_SpaConv, 0.119)
1. Mix(3x3_GroupConv8, 0.154)
2. Mix(3x3_GroupConv4, 0.150)
3. Mix(3x3_ResConv, 0.118)
4. Mix(3x3_ResConv, 0.118)
5. Mix(3x3_SpaConv, 0.122)
6. Mix(3x3_SpaConv, 0.118)
7. Mix(5x5_ResConv, 0.083)
8. Mix(3x3_ResConv, 0.111)
9. Mix(3x3_SpaConv, 0.124)
10. Mix(3x3_GroupConv8, 0.117)
11. Mix(3x3_ResConv, 0.084)
12. Mix(3x3_SpaConv, 0.124)
13. Mix(3x3_ResConv, 0.084)
14. Mix(3x3_SpaConv, 0.125)
------------------------------------------------------------
------------------------------Current Architecture [70]------------------------------
0. Mix(3x3_SpaConv, 0.120)
1. Mix(3x3_GroupConv8, 0.156)
2. Mix(3x3_GroupConv4, 0.151)
3. Mix(3x3_ResConv, 0.119)
4. Mix(3x3_ResConv, 0.118)
5. Mix(3x3_SpaConv, 0.123)
6. Mix(3x3_SpaConv, 0.119)
7. Mix(5x5_ResConv, 0.083)
8. Mix(3x3_ResConv, 0.112)
9. Mix(3x3_SpaConv, 0.124)
10. Mix(3x3_SpaConv, 0.118)
11. Mix(3x3_ResConv, 0.084)
12. Mix(3x3_SpaConv, 0.125)
13. Mix(3x3_ResConv, 0.084)
14. Mix(3x3_SpaConv, 0.125)
------------------------------------------------------------
------------------------------Current Architecture [71]------------------------------
0. Mix(3x3_SpaConv, 0.120)
1. Mix(3x3_GroupConv8, 0.157)
2. Mix(3x3_GroupConv4, 0.153)
3. Mix(3x3_ResConv, 0.120)
4. Mix(3x3_ResConv, 0.119)
5. Mix(3x3_SpaConv, 0.123)
6. Mix(3x3_SpaConv, 0.119)
7. Mix(5x5_ResConv, 0.083)
8. Mix(3x3_ResConv, 0.112)
9. Mix(3x3_SpaConv, 0.125)
10. Mix(3x3_SpaConv, 0.118)
11. Mix(3x3_ResConv, 0.084)
12. Mix(3x3_SpaConv, 0.125)
13. Mix(3x3_ResConv, 0.084)
14. Mix(3x3_SpaConv, 0.126)
------------------------------------------------------------
------------------------------Current Architecture [72]------------------------------
0. Mix(3x3_SpaConv, 0.121)
1. Mix(3x3_GroupConv8, 0.158)
2. Mix(3x3_GroupConv4, 0.154)
3. Mix(3x3_ResConv, 0.120)
4. Mix(3x3_ResConv, 0.119)
5. Mix(3x3_SpaConv, 0.124)
6. Mix(3x3_SpaConv, 0.120)
7. Mix(5x5_ResConv, 0.083)
8. Mix(3x3_ResConv, 0.113)
9. Mix(3x3_SpaConv, 0.125)
10. Mix(3x3_SpaConv, 0.118)
11. Mix(3x3_ResConv, 0.084)
12. Mix(3x3_SpaConv, 0.126)
13. Mix(3x3_ResConv, 0.084)
14. Mix(3x3_SpaConv, 0.126)
------------------------------------------------------------
------------------------------Current Architecture [73]------------------------------
0. Mix(3x3_SpaConv, 0.121)
1. Mix(3x3_GroupConv8, 0.160)
2. Mix(3x3_GroupConv4, 0.156)
3. Mix(3x3_ResConv, 0.121)
4. Mix(3x3_ResConv, 0.120)
5. Mix(3x3_SpaConv, 0.124)
6. Mix(3x3_SpaConv, 0.120)
7. Mix(5x5_ResConv, 0.083)
8. Mix(3x3_ResConv, 0.113)
9. Mix(3x3_SpaConv, 0.126)
10. Mix(3x3_SpaConv, 0.119)
11. Mix(3x3_ResConv, 0.084)
12. Mix(3x3_SpaConv, 0.126)
13. Mix(3x3_ResConv, 0.084)
14. Mix(3x3_SpaConv, 0.127)
------------------------------------------------------------
------------------------------Current Architecture [74]------------------------------
0. Mix(3x3_SpaConv, 0.122)
1. Mix(3x3_GroupConv8, 0.161)
2. Mix(3x3_GroupConv4, 0.157)
3. Mix(3x3_ResConv, 0.121)
4. Mix(3x3_ResConv, 0.120)
5. Mix(3x3_SpaConv, 0.125)
6. Mix(3x3_SpaConv, 0.120)
7. Mix(5x5_ResConv, 0.083)
8. Mix(3x3_ResConv, 0.113)
9. Mix(3x3_SpaConv, 0.126)
10. Mix(3x3_SpaConv, 0.119)
11. Mix(3x3_ResConv, 0.084)
12. Mix(3x3_SpaConv, 0.127)
13. Mix(3x3_ResConv, 0.084)
14. Mix(3x3_SpaConv, 0.127)
------------------------------------------------------------
------------------------------Current Architecture [75]------------------------------
0. Mix(3x3_SpaConv, 0.122)
1. Mix(3x3_GroupConv8, 0.162)
2. Mix(3x3_GroupConv4, 0.159)
3. Mix(3x3_ResConv, 0.122)
4. Mix(3x3_ResConv, 0.121)
5. Mix(3x3_SpaConv, 0.125)
6. Mix(3x3_SpaConv, 0.121)
7. Mix(5x5_ResConv, 0.083)
8. Mix(3x3_ResConv, 0.114)
9. Mix(3x3_SpaConv, 0.126)
10. Mix(3x3_SpaConv, 0.120)
11. Mix(3x3_ResConv, 0.084)
12. Mix(3x3_SpaConv, 0.127)
13. Mix(3x3_ResConv, 0.084)
14. Mix(3x3_SpaConv, 0.128)
------------------------------------------------------------
------------------------------Current Architecture [76]------------------------------
0. Mix(3x3_SpaConv, 0.123)
1. Mix(3x3_GroupConv8, 0.164)
2. Mix(3x3_GroupConv4, 0.161)
3. Mix(3x3_ResConv, 0.122)
4. Mix(3x3_ResConv, 0.121)
5. Mix(3x3_SpaConv, 0.125)
6. Mix(3x3_SpaConv, 0.121)
7. Mix(5x5_ResConv, 0.083)
8. Mix(3x3_ResConv, 0.114)
9. Mix(3x3_SpaConv, 0.127)
10. Mix(3x3_SpaConv, 0.120)
11. Mix(3x3_ResConv, 0.084)
12. Mix(3x3_SpaConv, 0.128)
13. Mix(3x3_ResConv, 0.084)
14. Mix(3x3_SpaConv, 0.128)
------------------------------------------------------------
------------------------------Current Architecture [77]------------------------------
0. Mix(3x3_SpaConv, 0.124)
1. Mix(3x3_GroupConv8, 0.165)
2. Mix(3x3_GroupConv4, 0.162)
3. Mix(3x3_ResConv, 0.123)
4. Mix(3x3_ResConv, 0.122)
5. Mix(3x3_SpaConv, 0.126)
6. Mix(3x3_SpaConv, 0.121)
7. Mix(5x5_ResConv, 0.083)
8. Mix(3x3_ResConv, 0.115)
9. Mix(3x3_SpaConv, 0.127)
10. Mix(3x3_SpaConv, 0.121)
11. Mix(3x3_ResConv, 0.084)
12. Mix(3x3_SpaConv, 0.128)
13. Mix(3x3_ResConv, 0.084)
14. Mix(3x3_SpaConv, 0.129)
------------------------------------------------------------
------------------------------Current Architecture [78]------------------------------
0. Mix(3x3_SpaConv, 0.124)
1. Mix(3x3_GroupConv8, 0.167)
2. Mix(3x3_GroupConv4, 0.164)
3. Mix(3x3_ResConv, 0.124)
4. Mix(3x3_ResConv, 0.123)
5. Mix(3x3_SpaConv, 0.126)
6. Mix(3x3_SpaConv, 0.122)
7. Mix(5x5_ResConv, 0.083)
8. Mix(3x3_ResConv, 0.115)
9. Mix(3x3_SpaConv, 0.128)
10. Mix(3x3_SpaConv, 0.121)
11. Mix(3x3_ResConv, 0.084)
12. Mix(3x3_SpaConv, 0.129)
13. Mix(3x3_ResConv, 0.084)
14. Mix(3x3_SpaConv, 0.129)
------------------------------------------------------------
------------------------------Current Architecture [79]------------------------------
0. Mix(3x3_SpaConv, 0.125)
1. Mix(3x3_GroupConv8, 0.168)
2. Mix(3x3_GroupConv4, 0.165)
3. Mix(3x3_ResConv, 0.124)
4. Mix(3x3_ResConv, 0.123)
5. Mix(3x3_SpaConv, 0.127)
6. Mix(3x3_SpaConv, 0.122)
7. Mix(5x5_ResConv, 0.083)
8. Mix(3x3_ResConv, 0.116)
9. Mix(3x3_SpaConv, 0.128)
10. Mix(3x3_SpaConv, 0.122)
11. Mix(3x3_ResConv, 0.084)
12. Mix(3x3_SpaConv, 0.129)
13. Mix(3x3_ResConv, 0.084)
14. Mix(3x3_SpaConv, 0.130)
------------------------------------------------------------
------------------------------Current Architecture [80]------------------------------
0. Mix(3x3_SpaConv, 0.125)
1. Mix(3x3_GroupConv8, 0.169)
2. Mix(3x3_GroupConv4, 0.167)
3. Mix(3x3_ResConv, 0.125)
4. Mix(3x3_ResConv, 0.124)
5. Mix(3x3_SpaConv, 0.127)
6. Mix(3x3_SpaConv, 0.123)
7. Mix(5x5_ResConv, 0.083)
8. Mix(3x3_ResConv, 0.116)
9. Mix(3x3_SpaConv, 0.129)
10. Mix(3x3_SpaConv, 0.122)
11. Mix(3x3_ResConv, 0.084)
12. Mix(3x3_SpaConv, 0.129)
13. Mix(3x3_ResConv, 0.084)
14. Mix(3x3_SpaConv, 0.130)
------------------------------------------------------------
------------------------------Current Architecture [81]------------------------------
0. Mix(3x3_SpaConv, 0.126)
1. Mix(3x3_GroupConv8, 0.171)
2. Mix(3x3_GroupConv4, 0.169)
3. Mix(3x3_ResConv, 0.126)
4. Mix(3x3_ResConv, 0.124)
5. Mix(3x3_SpaConv, 0.128)
6. Mix(3x3_SpaConv, 0.123)
7. Mix(5x5_ResConv, 0.083)
8. Mix(3x3_ResConv, 0.116)
9. Mix(3x3_SpaConv, 0.129)
10. Mix(3x3_SpaConv, 0.122)
11. Mix(3x3_ResConv, 0.084)
12. Mix(3x3_SpaConv, 0.130)
13. Mix(3x3_ResConv, 0.084)
14. Mix(3x3_SpaConv, 0.131)
------------------------------------------------------------
------------------------------Current Architecture [82]------------------------------
0. Mix(3x3_SpaConv, 0.127)
1. Mix(3x3_GroupConv8, 0.172)
2. Mix(3x3_GroupConv4, 0.170)
3. Mix(3x3_ResConv, 0.126)
4. Mix(3x3_ResConv, 0.125)
5. Mix(3x3_SpaConv, 0.128)
6. Mix(3x3_SpaConv, 0.123)
7. Mix(5x5_ResConv, 0.083)
8. Mix(3x3_ResConv, 0.117)
9. Mix(3x3_SpaConv, 0.130)
10. Mix(3x3_SpaConv, 0.123)
11. Mix(3x3_ResConv, 0.084)
12. Mix(3x3_SpaConv, 0.130)
13. Mix(3x3_ResConv, 0.084)
14. Mix(3x3_SpaConv, 0.131)
------------------------------------------------------------
------------------------------Current Architecture [83]------------------------------
0. Mix(3x3_SpaConv, 0.127)
1. Mix(3x3_GroupConv8, 0.174)
2. Mix(3x3_GroupConv4, 0.172)
3. Mix(3x3_ResConv, 0.127)
4. Mix(3x3_ResConv, 0.125)
5. Mix(3x3_SpaConv, 0.129)
6. Mix(3x3_SpaConv, 0.124)
7. Mix(5x5_ResConv, 0.083)
8. Mix(3x3_ResConv, 0.117)
9. Mix(3x3_SpaConv, 0.130)
10. Mix(3x3_SpaConv, 0.123)
11. Mix(3x3_ResConv, 0.084)
12. Mix(3x3_SpaConv, 0.131)
13. Mix(3x3_ResConv, 0.084)
14. Mix(3x3_SpaConv, 0.132)
------------------------------------------------------------
------------------------------Current Architecture [84]------------------------------
0. Mix(3x3_SpaConv, 0.128)
1. Mix(3x3_GroupConv8, 0.175)
2. Mix(3x3_GroupConv4, 0.174)
3. Mix(3x3_ResConv, 0.127)
4. Mix(3x3_ResConv, 0.126)
5. Mix(3x3_SpaConv, 0.129)
6. Mix(3x3_SpaConv, 0.124)
7. Mix(5x5_ResConv, 0.083)
8. Mix(3x3_ResConv, 0.118)
9. Mix(3x3_SpaConv, 0.131)
10. Mix(3x3_SpaConv, 0.124)
11. Mix(3x3_ResConv, 0.084)
12. Mix(3x3_SpaConv, 0.131)
13. Mix(3x3_ResConv, 0.084)
14. Mix(3x3_SpaConv, 0.132)
------------------------------------------------------------
------------------------------Current Architecture [85]------------------------------
0. Mix(3x3_SpaConv, 0.128)
1. Mix(3x3_GroupConv8, 0.177)
2. Mix(3x3_GroupConv4, 0.176)
3. Mix(3x3_ResConv, 0.128)
4. Mix(3x3_ResConv, 0.127)
5. Mix(3x3_SpaConv, 0.130)
6. Mix(3x3_SpaConv, 0.124)
7. Mix(5x5_ResConv, 0.083)
8. Mix(3x3_ResConv, 0.118)
9. Mix(3x3_SpaConv, 0.131)
10. Mix(3x3_SpaConv, 0.124)
11. Mix(3x3_ResConv, 0.084)
12. Mix(3x3_SpaConv, 0.132)
13. Mix(3x3_ResConv, 0.084)
14. Mix(3x3_SpaConv, 0.133)
------------------------------------------------------------
------------------------------Current Architecture [86]------------------------------
0. Mix(3x3_SpaConv, 0.129)
1. Mix(3x3_GroupConv8, 0.178)
2. Mix(3x3_GroupConv4, 0.177)
3. Mix(3x3_ResConv, 0.129)
4. Mix(3x3_ResConv, 0.127)
5. Mix(3x3_SpaConv, 0.130)
6. Mix(3x3_SpaConv, 0.125)
7. Mix(5x5_ResConv, 0.083)
8. Mix(3x3_ResConv, 0.119)
9. Mix(3x3_SpaConv, 0.132)
10. Mix(3x3_SpaConv, 0.125)
11. Mix(3x3_ResConv, 0.084)
12. Mix(3x3_SpaConv, 0.132)
13. Mix(3x3_ResConv, 0.084)
14. Mix(3x3_SpaConv, 0.133)
------------------------------------------------------------
------------------------------Current Architecture [87]------------------------------
0. Mix(3x3_SpaConv, 0.130)
1. Mix(3x3_GroupConv8, 0.180)
2. Mix(3x3_GroupConv4, 0.179)
3. Mix(3x3_ResConv, 0.129)
4. Mix(3x3_ResConv, 0.128)
5. Mix(3x3_SpaConv, 0.131)
6. Mix(3x3_SpaConv, 0.125)
7. Mix(5x5_ResConv, 0.083)
8. Mix(3x3_ResConv, 0.119)
9. Mix(3x3_SpaConv, 0.132)
10. Mix(3x3_SpaConv, 0.125)
11. Mix(3x3_ResConv, 0.084)
12. Mix(3x3_SpaConv, 0.133)
13. Mix(3x3_ResConv, 0.084)
14. Mix(3x3_SpaConv, 0.134)
------------------------------------------------------------
------------------------------Current Architecture [88]------------------------------
0. Mix(3x3_SpaConv, 0.130)
1. Mix(3x3_GroupConv8, 0.181)
2. Mix(3x3_GroupConv4, 0.181)
3. Mix(3x3_ResConv, 0.130)
4. Mix(3x3_ResConv, 0.128)
5. Mix(3x3_SpaConv, 0.131)
6. Mix(3x3_SpaConv, 0.125)
7. Mix(5x5_ResConv, 0.083)
8. Mix(3x3_ResConv, 0.119)
9. Mix(3x3_SpaConv, 0.133)
10. Mix(3x3_SpaConv, 0.125)
11. Mix(3x3_ResConv, 0.084)
12. Mix(3x3_SpaConv, 0.133)
13. Mix(3x3_ResConv, 0.084)
14. Mix(3x3_SpaConv, 0.134)
------------------------------------------------------------
------------------------------Current Architecture [89]------------------------------
0. Mix(3x3_SpaConv, 0.131)
1. Mix(3x3_GroupConv8, 0.183)
2. Mix(3x3_GroupConv4, 0.183)
3. Mix(3x3_ResConv, 0.131)
4. Mix(3x3_ResConv, 0.129)
5. Mix(3x3_SpaConv, 0.132)
6. Mix(3x3_SpaConv, 0.126)
7. Mix(5x5_ResConv, 0.083)
8. Mix(3x3_ResConv, 0.120)
9. Mix(3x3_SpaConv, 0.133)
10. Mix(3x3_SpaConv, 0.126)
11. Mix(3x3_ResConv, 0.084)
12. Mix(3x3_SpaConv, 0.134)
13. Mix(3x3_ResConv, 0.084)
14. Mix(3x3_SpaConv, 0.135)
------------------------------------------------------------
------------------------------Current Architecture [90]------------------------------
0. Mix(3x3_SpaConv, 0.131)
1. Mix(3x3_GroupConv8, 0.184)
2. Mix(3x3_GroupConv4, 0.184)
3. Mix(3x3_ResConv, 0.131)
4. Mix(3x3_ResConv, 0.130)
5. Mix(3x3_SpaConv, 0.132)
6. Mix(3x3_SpaConv, 0.126)
7. Mix(5x5_ResConv, 0.083)
8. Mix(3x3_ResConv, 0.120)
9. Mix(3x3_SpaConv, 0.133)
10. Mix(3x3_SpaConv, 0.126)
11. Mix(3x3_ResConv, 0.084)
12. Mix(3x3_SpaConv, 0.134)
13. Mix(3x3_ResConv, 0.084)
14. Mix(3x3_SpaConv, 0.135)
------------------------------------------------------------
------------------------------Current Architecture [91]------------------------------
0. Mix(3x3_SpaConv, 0.132)
1. Mix(3x3_GroupConv8, 0.186)
2. Mix(3x3_GroupConv4, 0.186)
3. Mix(3x3_ResConv, 0.132)
4. Mix(3x3_ResConv, 0.130)
5. Mix(3x3_SpaConv, 0.132)
6. Mix(3x3_SpaConv, 0.126)
7. Mix(5x5_ResConv, 0.083)
8. Mix(3x3_ResConv, 0.121)
9. Mix(3x3_SpaConv, 0.134)
10. Mix(3x3_SpaConv, 0.127)
11. Mix(3x3_ResConv, 0.084)
12. Mix(3x3_SpaConv, 0.135)
13. Mix(3x3_ResConv, 0.084)
14. Mix(3x3_SpaConv, 0.136)
------------------------------------------------------------
------------------------------Current Architecture [92]------------------------------
0. Mix(3x3_SpaConv, 0.133)
1. Mix(3x3_GroupConv8, 0.187)
2. Mix(3x3_GroupConv4, 0.188)
3. Mix(3x3_ResConv, 0.133)
4. Mix(3x3_ResConv, 0.131)
5. Mix(3x3_SpaConv, 0.133)
6. Mix(3x3_SpaConv, 0.127)
7. Mix(5x5_ResConv, 0.083)
8. Mix(3x3_ResConv, 0.121)
9. Mix(3x3_SpaConv, 0.134)
10. Mix(3x3_SpaConv, 0.127)
11. Mix(3x3_ResConv, 0.084)
12. Mix(3x3_SpaConv, 0.135)
13. Mix(3x3_ResConv, 0.084)
14. Mix(3x3_SpaConv, 0.136)
------------------------------------------------------------
------------------------------Current Architecture [93]------------------------------
0. Mix(3x3_SpaConv, 0.133)
1. Mix(3x3_GroupConv8, 0.189)
2. Mix(3x3_GroupConv4, 0.190)
3. Mix(3x3_ResConv, 0.134)
4. Mix(3x3_ResConv, 0.132)
5. Mix(3x3_SpaConv, 0.133)
6. Mix(3x3_SpaConv, 0.127)
7. Mix(5x5_ResConv, 0.083)
8. Mix(3x3_ResConv, 0.122)
9. Mix(3x3_SpaConv, 0.135)
10. Mix(3x3_SpaConv, 0.127)
11. Mix(3x3_ResConv, 0.084)
12. Mix(3x3_SpaConv, 0.136)
13. Mix(3x3_ResConv, 0.084)
14. Mix(3x3_SpaConv, 0.137)
------------------------------------------------------------
------------------------------Current Architecture [94]------------------------------
0. Mix(3x3_SpaConv, 0.134)
1. Mix(3x3_GroupConv8, 0.191)
2. Mix(3x3_GroupConv4, 0.192)
3. Mix(3x3_ResConv, 0.134)
4. Mix(3x3_ResConv, 0.132)
5. Mix(3x3_SpaConv, 0.134)
6. Mix(3x3_SpaConv, 0.127)
7. Mix(5x5_ResConv, 0.083)
8. Mix(3x3_ResConv, 0.122)
9. Mix(3x3_SpaConv, 0.135)
10. Mix(3x3_SpaConv, 0.128)
11. Mix(3x3_ResConv, 0.084)
12. Mix(3x3_SpaConv, 0.136)
13. Mix(3x3_ResConv, 0.084)
14. Mix(3x3_SpaConv, 0.137)
------------------------------------------------------------
------------------------------Current Architecture [95]------------------------------
0. Mix(3x3_SpaConv, 0.135)
1. Mix(3x3_GroupConv8, 0.192)
2. Mix(3x3_GroupConv4, 0.194)
3. Mix(3x3_ResConv, 0.135)
4. Mix(3x3_ResConv, 0.133)
5. Mix(3x3_SpaConv, 0.134)
6. Mix(3x3_SpaConv, 0.128)
7. Mix(5x5_ResConv, 0.083)
8. Mix(3x3_ResConv, 0.122)
9. Mix(3x3_SpaConv, 0.136)
10. Mix(3x3_SpaConv, 0.128)
11. Mix(3x3_ResConv, 0.084)
12. Mix(3x3_SpaConv, 0.137)
13. Mix(3x3_ResConv, 0.084)
14. Mix(3x3_SpaConv, 0.138)
------------------------------------------------------------
------------------------------Current Architecture [96]------------------------------
0. Mix(3x3_SpaConv, 0.135)
1. Mix(3x3_GroupConv8, 0.194)
2. Mix(3x3_GroupConv4, 0.196)
3. Mix(3x3_ResConv, 0.136)
4. Mix(3x3_ResConv, 0.133)
5. Mix(3x3_SpaConv, 0.135)
6. Mix(3x3_SpaConv, 0.128)
7. Mix(5x5_ResConv, 0.083)
8. Mix(3x3_ResConv, 0.123)
9. Mix(3x3_SpaConv, 0.136)
10. Mix(3x3_SpaConv, 0.129)
11. Mix(3x3_ResConv, 0.084)
12. Mix(3x3_SpaConv, 0.137)
13. Mix(3x3_ResConv, 0.084)
14. Mix(3x3_SpaConv, 0.138)
------------------------------------------------------------
------------------------------Current Architecture [97]------------------------------
0. Mix(3x3_SpaConv, 0.136)
1. Mix(3x3_GroupConv8, 0.195)
2. Mix(3x3_GroupConv4, 0.197)
3. Mix(3x3_ResConv, 0.136)
4. Mix(3x3_ResConv, 0.134)
5. Mix(3x3_SpaConv, 0.135)
6. Mix(3x3_SpaConv, 0.128)
7. Mix(5x5_ResConv, 0.083)
8. Mix(3x3_ResConv, 0.123)
9. Mix(3x3_SpaConv, 0.137)
10. Mix(3x3_SpaConv, 0.129)
11. Mix(3x3_ResConv, 0.084)
12. Mix(3x3_SpaConv, 0.137)
13. Mix(3x3_ResConv, 0.084)
14. Mix(3x3_SpaConv, 0.139)
------------------------------------------------------------
------------------------------Current Architecture [98]------------------------------
0. Mix(3x3_SpaConv, 0.137)
1. Mix(3x3_GroupConv8, 0.197)
2. Mix(3x3_GroupConv4, 0.199)
3. Mix(3x3_ResConv, 0.137)
4. Mix(3x3_ResConv, 0.135)
5. Mix(3x3_SpaConv, 0.136)
6. Mix(3x3_SpaConv, 0.129)
7. Mix(5x5_ResConv, 0.083)
8. Mix(3x3_ResConv, 0.124)
9. Mix(3x3_SpaConv, 0.137)
10. Mix(3x3_SpaConv, 0.129)
11. Mix(3x3_ResConv, 0.084)
12. Mix(3x3_SpaConv, 0.138)
13. Mix(3x3_ResConv, 0.084)
14. Mix(3x3_SpaConv, 0.139)
------------------------------------------------------------
------------------------------Current Architecture [99]------------------------------
0. Mix(3x3_SpaConv, 0.137)
1. Mix(3x3_GroupConv8, 0.199)
2. Mix(3x3_GroupConv4, 0.201)
3. Mix(3x3_ResConv, 0.138)
4. Mix(3x3_ResConv, 0.135)
5. Mix(3x3_SpaConv, 0.136)
6. Mix(3x3_SpaConv, 0.129)
7. Mix(5x5_ResConv, 0.083)
8. Mix(3x3_ResConv, 0.124)
9. Mix(3x3_SpaConv, 0.138)
10. Mix(3x3_SpaConv, 0.130)
11. Mix(3x3_ResConv, 0.084)
12. Mix(3x3_SpaConv, 0.138)
13. Mix(3x3_ResConv, 0.084)
14. Mix(3x3_SpaConv, 0.140)
------------------------------------------------------------
------------------------------Current Architecture [100]------------------------------
0. Mix(3x3_SpaConv, 0.138)
1. Mix(3x3_GroupConv8, 0.200)
2. Mix(3x3_GroupConv4, 0.203)
3. Mix(3x3_ResConv, 0.139)
4. Mix(3x3_ResConv, 0.136)
5. Mix(3x3_SpaConv, 0.137)
6. Mix(3x3_SpaConv, 0.129)
7. Mix(5x5_ResConv, 0.083)
8. Mix(3x3_ResConv, 0.125)
9. Mix(3x3_SpaConv, 0.138)
10. Mix(3x3_SpaConv, 0.130)
11. Mix(3x3_ResConv, 0.084)
12. Mix(3x3_SpaConv, 0.139)
13. Mix(3x3_ResConv, 0.084)
14. Mix(3x3_SpaConv, 0.140)
------------------------------------------------------------
