(0.1943, 0.0629, 0.5531)	Architecture [2-4]	 Time 0.8206	 Loss 0.7950	 edge-cpu 4046.176025390625
(0.0062, 0.0576, 0.3042)	Architecture [2-9]	 Time 0.3779	 Loss 0.6758	 edge-cpu 4030.9296875
(0.0129, 0.0585, 0.6127)	Architecture [3-4]	 Time 0.6941	 Loss 0.5867	 edge-cpu 4015.774658203125
(0.0223, 0.0555, 0.3087)	Architecture [3-9]	 Time 0.3942	 Loss 0.7524	 edge-cpu 4000.719970703125
(0.0119, 0.0587, 0.2751)	Architecture [4-4]	 Time 0.3556	 Loss 0.7299	 edge-cpu 3985.756591796875
(0.0049, 0.0558, 0.2468)	Architecture [4-9]	 Time 0.3155	 Loss 0.8409	 edge-cpu 3970.88818359375
(0.0132, 0.0564, 0.2917)	Architecture [5-4]	 Time 0.3706	 Loss 0.6698	 edge-cpu 3956.111572265625
(0.0095, 0.0554, 0.2552)	Architecture [5-9]	 Time 0.3280	 Loss 0.6749	 edge-cpu 3941.424560546875
(0.0048, 0.0600, 0.2983)	Architecture [6-4]	 Time 0.3728	 Loss 0.6260	 edge-cpu 3926.827392578125
(0.0085, 0.0560, 0.4078)	Architecture [6-9]	 Time 0.4802	 Loss 0.7905	 edge-cpu 3912.31787109375
(0.0176, 0.0571, 0.2702)	Architecture [7-4]	 Time 0.3548	 Loss 0.6943	 edge-cpu 3897.895751953125
(0.0138, 0.0604, 0.2711)	Architecture [7-9]	 Time 0.3529	 Loss 0.7427	 edge-cpu 3883.560791015625
(0.0047, 0.0583, 0.2759)	Architecture [8-4]	 Time 0.3489	 Loss 0.7328	 edge-cpu 3869.31103515625
(0.2755, 0.0706, 0.4203)	Architecture [8-9]	 Time 0.7745	 Loss 0.7209	 edge-cpu 3855.146728515625
(0.0050, 0.0605, 0.2842)	Architecture [9-4]	 Time 0.3591	 Loss 0.7378	 edge-cpu 3841.066650390625
(0.0173, 0.0575, 0.2561)	Architecture [9-9]	 Time 0.3386	 Loss 0.6545	 edge-cpu 3827.071533203125
(0.0125, 0.0599, 0.3623)	Architecture [10-4]	 Time 0.4448	 Loss 0.8145	 edge-cpu 3813.158203125
(0.0172, 0.0572, 0.2898)	Architecture [10-9]	 Time 0.3719	 Loss 0.6247	 edge-cpu 3799.3291015625
(0.0049, 0.0589, 0.2901)	Architecture [11-4]	 Time 0.3636	 Loss 0.6758	 edge-cpu 3785.580078125
(0.0102, 0.0573, 0.2806)	Architecture [11-9]	 Time 0.3561	 Loss 0.6892	 edge-cpu 3771.912841796875
(0.0104, 0.4727, 0.4896)	Architecture [12-4]	 Time 0.9827	 Loss 0.6245	 edge-cpu 3758.323486328125
(0.0172, 0.0616, 0.2870)	Architecture [12-9]	 Time 0.3736	 Loss 0.7367	 edge-cpu 3744.8134765625
(0.0138, 0.0615, 0.2839)	Architecture [13-4]	 Time 0.3690	 Loss 0.7894	 edge-cpu 3731.381103515625
(0.0129, 0.0602, 0.2565)	Architecture [13-9]	 Time 0.3377	 Loss 0.8166	 edge-cpu 3718.026123046875
(0.0132, 0.0563, 0.2777)	Architecture [14-4]	 Time 0.3567	 Loss 0.7699	 edge-cpu 3704.745361328125
(0.0098, 0.0572, 0.3489)	Architecture [14-9]	 Time 0.4237	 Loss 0.8858	 edge-cpu 3691.5400390625
(0.3021, 0.0732, 0.2564)	Architecture [15-4]	 Time 0.6421	 Loss 0.7810	 edge-cpu 3678.40673828125
(0.0147, 0.0594, 0.2994)	Architecture [15-9]	 Time 0.3834	 Loss 0.6184	 edge-cpu 3665.345458984375
(0.0033, 0.0565, 0.2730)	Architecture [16-4]	 Time 0.3426	 Loss 0.6616	 edge-cpu 3652.35546875
(0.0185, 0.0563, 0.3609)	Architecture [16-9]	 Time 0.4437	 Loss 0.6790	 edge-cpu 3639.430908203125
(0.0137, 0.0605, 0.5477)	Architecture [17-4]	 Time 0.6318	 Loss 0.6997	 edge-cpu 3626.5791015625
(0.0047, 0.0589, 0.3380)	Architecture [17-9]	 Time 0.4095	 Loss 0.7047	 edge-cpu 3613.7890625
(0.0049, 0.0573, 0.2724)	Architecture [18-4]	 Time 0.3444	 Loss 0.6269	 edge-cpu 3601.06689453125
(0.0134, 0.0559, 0.3036)	Architecture [18-9]	 Time 0.3807	 Loss 0.6607	 edge-cpu 3588.408935546875
(0.0048, 0.0555, 0.5580)	Architecture [19-4]	 Time 0.6281	 Loss 0.6651	 edge-cpu 3575.811279296875
(0.0078, 0.0550, 0.2884)	Architecture [19-9]	 Time 0.3590	 Loss 0.7488	 edge-cpu 3563.276611328125
(0.0077, 0.0567, 0.3417)	Architecture [20-4]	 Time 0.4160	 Loss 0.7009	 edge-cpu 3550.802490234375
(0.0046, 0.0579, 0.3044)	Architecture [20-9]	 Time 0.3748	 Loss 0.7612	 edge-cpu 3538.3896484375
(0.0056, 0.0560, 0.4247)	Architecture [21-4]	 Time 0.4962	 Loss 0.6939	 edge-cpu 3526.03564453125
(0.2736, 0.0684, 0.3109)	Architecture [21-9]	 Time 0.6608	 Loss 0.7603	 edge-cpu 3513.7392578125
(0.0065, 0.0569, 0.2590)	Architecture [22-4]	 Time 0.3319	 Loss 0.6421	 edge-cpu 3501.50048828125
(0.0094, 0.0558, 0.2590)	Architecture [22-9]	 Time 0.3318	 Loss 0.6894	 edge-cpu 3489.318603515625
(0.0096, 0.0607, 0.2859)	Architecture [23-4]	 Time 0.3662	 Loss 0.7075	 edge-cpu 3477.1923828125
(0.0142, 0.5102, 0.5152)	Architecture [23-9]	 Time 1.0474	 Loss 0.6297	 edge-cpu 3465.12353515625
(0.0049, 0.0565, 0.2859)	Architecture [24-4]	 Time 0.3572	 Loss 0.5884	 edge-cpu 3453.110595703125
(0.0054, 0.0566, 0.2634)	Architecture [24-9]	 Time 0.3333	 Loss 0.6985	 edge-cpu 3441.15478515625
(0.0032, 0.0551, 0.3763)	Architecture [25-4]	 Time 0.4445	 Loss 0.5941	 edge-cpu 3429.252685546875
(0.0107, 0.0542, 0.3106)	Architecture [25-9]	 Time 0.3832	 Loss 0.5835	 edge-cpu 3417.40771484375
(0.0094, 0.0569, 0.3532)	Architecture [26-4]	 Time 0.4293	 Loss 0.8206	 edge-cpu 3405.616455078125
(0.0048, 0.0564, 0.3136)	Architecture [26-9]	 Time 0.3826	 Loss 0.7000	 edge-cpu 3393.884765625
(0.0047, 0.0583, 0.3168)	Architecture [27-4]	 Time 0.3897	 Loss 0.6369	 edge-cpu 3382.206787109375
(0.0049, 0.0558, 0.2756)	Architecture [27-9]	 Time 0.3442	 Loss 0.8181	 edge-cpu 3370.5830078125
(0.2954, 0.0689, 0.5350)	Architecture [28-4]	 Time 0.9093	 Loss 0.7876	 edge-cpu 3359.017333984375
(0.0126, 0.0599, 0.3286)	Architecture [28-9]	 Time 0.4113	 Loss 0.5611	 edge-cpu 3347.5068359375
(0.0034, 0.0542, 0.2865)	Architecture [29-4]	 Time 0.3539	 Loss 0.7414	 edge-cpu 3336.0537109375
(0.0119, 0.0595, 0.3318)	Architecture [29-9]	 Time 0.4112	 Loss 0.7817	 edge-cpu 3324.655029296875
(0.0048, 0.0607, 0.2387)	Architecture [30-4]	 Time 0.3137	 Loss 0.6740	 edge-cpu 3313.31591796875
(0.0112, 0.0559, 0.2683)	Architecture [30-9]	 Time 0.3433	 Loss 0.6363	 edge-cpu 3302.032470703125
(0.0049, 0.0595, 0.2537)	Architecture [31-4]	 Time 0.3278	 Loss 0.7241	 edge-cpu 3290.806884765625
(0.0112, 0.0580, 0.2857)	Architecture [31-9]	 Time 0.3631	 Loss 0.5329	 edge-cpu 3279.636474609375
(0.0049, 0.0572, 0.6261)	Architecture [32-4]	 Time 0.6981	 Loss 0.6033	 edge-cpu 3268.52685546875
(0.0071, 0.0561, 0.3051)	Architecture [32-9]	 Time 0.3764	 Loss 0.7317	 edge-cpu 3257.4736328125
(0.0060, 0.0567, 0.2751)	Architecture [33-4]	 Time 0.3477	 Loss 0.7105	 edge-cpu 3246.478515625
(0.0047, 0.0568, 0.3054)	Architecture [33-9]	 Time 0.3756	 Loss 0.7036	 edge-cpu 3235.542236328125
(0.0069, 0.0609, 0.3247)	Architecture [34-4]	 Time 0.4023	 Loss 0.6978	 edge-cpu 3224.665283203125
(0.2864, 0.0721, 0.2689)	Architecture [34-9]	 Time 0.6354	 Loss 0.7390	 edge-cpu 3213.84423828125
(0.0156, 0.0552, 0.2652)	Architecture [35-4]	 Time 0.3455	 Loss 0.5300	 edge-cpu 3203.083740234375
(0.0167, 0.0548, 0.3664)	Architecture [35-9]	 Time 0.4457	 Loss 0.6215	 edge-cpu 3192.383056640625
(0.0102, 0.0579, 0.5721)	Architecture [36-4]	 Time 0.6500	 Loss 0.6521	 edge-cpu 3181.7392578125
(0.0151, 0.0566, 0.2669)	Architecture [36-9]	 Time 0.3465	 Loss 0.7398	 edge-cpu 3171.15673828125
(0.0049, 0.0555, 0.2659)	Architecture [37-4]	 Time 0.3359	 Loss 0.7654	 edge-cpu 3160.632080078125
(0.0128, 0.0561, 0.2869)	Architecture [37-9]	 Time 0.3636	 Loss 0.5720	 edge-cpu 3150.167724609375
(0.0098, 0.0552, 0.4234)	Architecture [38-4]	 Time 0.4977	 Loss 0.5009	 edge-cpu 3139.76220703125
(0.0143, 0.0538, 0.2642)	Architecture [38-9]	 Time 0.3398	 Loss 0.5751	 edge-cpu 3129.416015625
(0.0155, 0.0576, 0.5611)	Architecture [39-4]	 Time 0.6439	 Loss 0.7811	 edge-cpu 3119.13037109375
(0.0049, 0.0573, 0.2840)	Architecture [39-9]	 Time 0.3540	 Loss 0.6488	 edge-cpu 3108.90576171875
(0.0048, 0.0613, 0.2720)	Architecture [40-4]	 Time 0.3482	 Loss 0.6929	 edge-cpu 3098.738525390625
(0.0048, 0.0537, 0.2787)	Architecture [40-9]	 Time 0.3451	 Loss 0.6501	 edge-cpu 3088.63232421875
(0.2927, 0.0701, 0.2330)	Architecture [41-4]	 Time 0.6058	 Loss 0.8618	 edge-cpu 3078.585693359375
(0.0126, 0.0557, 0.2818)	Architecture [41-9]	 Time 0.3599	 Loss 0.4942	 edge-cpu 3068.600341796875
(0.0052, 0.0593, 0.2597)	Architecture [42-4]	 Time 0.3336	 Loss 0.5738	 edge-cpu 3058.6728515625
(0.0060, 0.0563, 0.2973)	Architecture [42-9]	 Time 0.3674	 Loss 0.6425	 edge-cpu 3048.805908203125
(0.0051, 0.0551, 0.2740)	Architecture [43-4]	 Time 0.3439	 Loss 0.6464	 edge-cpu 3038.999267578125
(0.0049, 0.0604, 0.2845)	Architecture [43-9]	 Time 0.3580	 Loss 0.6783	 edge-cpu 3029.253662109375
(0.0048, 0.0577, 0.2666)	Architecture [44-4]	 Time 0.3389	 Loss 0.6278	 edge-cpu 3019.56591796875
(0.0050, 0.0562, 0.3154)	Architecture [44-9]	 Time 0.3846	 Loss 0.5518	 edge-cpu 3009.940185546875
(0.0048, 0.0590, 0.3694)	Architecture [45-4]	 Time 0.4430	 Loss 0.4878	 edge-cpu 3000.372802734375
(0.0050, 0.0575, 0.2569)	Architecture [45-9]	 Time 0.3271	 Loss 0.7909	 edge-cpu 2990.864990234375
(0.0103, 0.0570, 0.2683)	Architecture [46-4]	 Time 0.3452	 Loss 0.6494	 edge-cpu 2981.41845703125
(0.0049, 0.0587, 0.2639)	Architecture [46-9]	 Time 0.3352	 Loss 0.7072	 edge-cpu 2972.0302734375
(0.0050, 0.0579, 0.2907)	Architecture [47-4]	 Time 0.3632	 Loss 0.6913	 edge-cpu 2962.702392578125
(0.3086, 0.0683, 0.2905)	Architecture [47-9]	 Time 0.6754	 Loss 0.7033	 edge-cpu 2953.4326171875
(0.0056, 0.0578, 0.2718)	Architecture [48-4]	 Time 0.3451	 Loss 0.5421	 edge-cpu 2944.224609375
(0.0117, 0.0595, 0.2785)	Architecture [48-9]	 Time 0.3577	 Loss 0.5910	 edge-cpu 2935.073974609375
(0.0034, 0.0560, 0.2500)	Architecture [49-4]	 Time 0.3191	 Loss 0.5981	 edge-cpu 2925.9833984375
(0.0051, 0.0585, 0.2873)	Architecture [49-9]	 Time 0.3587	 Loss 0.6240	 edge-cpu 2916.9521484375
(0.0149, 0.0574, 0.3016)	Architecture [50-4]	 Time 0.3835	 Loss 0.5986	 edge-cpu 2907.979248046875
(0.0049, 0.0558, 0.2816)	Architecture [50-9]	 Time 0.3498	 Loss 0.6275	 edge-cpu 2899.064697265625
(0.0050, 0.0564, 0.2468)	Architecture [51-4]	 Time 0.3178	 Loss 0.5535	 edge-cpu 2890.208984375
(0.0046, 0.0579, 0.2693)	Architecture [51-9]	 Time 0.3396	 Loss 0.4616	 edge-cpu 2881.412353515625
(0.0051, 0.0622, 0.2525)	Architecture [52-4]	 Time 0.3294	 Loss 0.6625	 edge-cpu 2872.674560546875
(0.0143, 0.0564, 0.3119)	Architecture [52-9]	 Time 0.3908	 Loss 0.4997	 edge-cpu 2863.99365234375
(0.0047, 0.0566, 0.2836)	Architecture [53-4]	 Time 0.3547	 Loss 0.5215	 edge-cpu 2855.371826171875
(0.0174, 0.0563, 0.2745)	Architecture [53-9]	 Time 0.3561	 Loss 0.7370	 edge-cpu 2846.80615234375
(0.3057, 0.0659, 0.2998)	Architecture [54-4]	 Time 0.6812	 Loss 0.6547	 edge-cpu 2838.29931640625
(0.0062, 0.0607, 0.4115)	Architecture [54-9]	 Time 0.4884	 Loss 0.5245	 edge-cpu 2829.8505859375
(0.0053, 0.0566, 0.2847)	Architecture [55-4]	 Time 0.3561	 Loss 0.5388	 edge-cpu 2821.45751953125
(0.0032, 0.0560, 0.3636)	Architecture [55-9]	 Time 0.4306	 Loss 0.7229	 edge-cpu 2813.123046875
(0.0064, 0.0584, 0.2785)	Architecture [56-4]	 Time 0.3528	 Loss 0.5837	 edge-cpu 2804.8447265625
(0.0172, 0.0557, 0.3327)	Architecture [56-9]	 Time 0.4135	 Loss 0.6652	 edge-cpu 2796.622802734375
(0.0052, 0.0579, 0.2579)	Architecture [57-4]	 Time 0.3306	 Loss 0.5865	 edge-cpu 2788.457763671875
(0.0224, 0.0573, 0.2893)	Architecture [57-9]	 Time 0.3770	 Loss 0.5082	 edge-cpu 2780.34765625
(0.0108, 0.0563, 0.2831)	Architecture [58-4]	 Time 0.3599	 Loss 0.5214	 edge-cpu 2772.294189453125
(0.0107, 0.0589, 0.2888)	Architecture [58-9]	 Time 0.3663	 Loss 0.6705	 edge-cpu 2764.29736328125
(0.0049, 0.0575, 0.2902)	Architecture [59-4]	 Time 0.3622	 Loss 0.6084	 edge-cpu 2756.353759765625
(0.0071, 0.0627, 0.3612)	Architecture [59-9]	 Time 0.4392	 Loss 0.6287	 edge-cpu 2748.468017578125
(0.0080, 0.0552, 0.3125)	Architecture [60-4]	 Time 0.3855	 Loss 0.7008	 edge-cpu 2740.633544921875
(0.3177, 0.0654, 0.2986)	Architecture [60-9]	 Time 0.6893	 Loss 0.7258	 edge-cpu 2732.857177734375
(0.0213, 0.0615, 0.2625)	Architecture [61-4]	 Time 0.3558	 Loss 0.5566	 edge-cpu 2725.13330078125
(0.0051, 0.0568, 0.2767)	Architecture [61-9]	 Time 0.3465	 Loss 0.5897	 edge-cpu 2717.464599609375
(0.0034, 0.0568, 0.2418)	Architecture [62-4]	 Time 0.3115	 Loss 0.6081	 edge-cpu 2709.848388671875
(0.0100, 0.0582, 0.2849)	Architecture [62-9]	 Time 0.3607	 Loss 0.6351	 edge-cpu 2702.28662109375
(0.0109, 0.0591, 0.2849)	Architecture [63-4]	 Time 0.3648	 Loss 0.6733	 edge-cpu 2694.778076171875
(0.0177, 0.0579, 0.5819)	Architecture [63-9]	 Time 0.6654	 Loss 0.5709	 edge-cpu 2687.322998046875
(0.0033, 0.0559, 0.2550)	Architecture [64-4]	 Time 0.3237	 Loss 0.4851	 edge-cpu 2679.921142578125
(0.0048, 0.0585, 0.3504)	Architecture [64-9]	 Time 0.4214	 Loss 0.6108	 edge-cpu 2672.568603515625
(0.0095, 0.0578, 0.2700)	Architecture [65-4]	 Time 0.3474	 Loss 0.6703	 edge-cpu 2665.27099609375
(0.0100, 0.0570, 0.2657)	Architecture [65-9]	 Time 0.3408	 Loss 0.5871	 edge-cpu 2658.024169921875
(0.0048, 0.0603, 0.3366)	Architecture [66-4]	 Time 0.4117	 Loss 0.8472	 edge-cpu 2650.82958984375
(0.0089, 0.0573, 0.2553)	Architecture [66-9]	 Time 0.3296	 Loss 0.6476	 edge-cpu 2643.685302734375
(0.2669, 0.0710, 0.2750)	Architecture [67-4]	 Time 0.6230	 Loss 0.7335	 edge-cpu 2636.592529296875
(0.0179, 0.0566, 0.2577)	Architecture [67-9]	 Time 0.3419	 Loss 0.5959	 edge-cpu 2629.54931640625
(0.0143, 0.0585, 0.2833)	Architecture [68-4]	 Time 0.3657	 Loss 0.6341	 edge-cpu 2622.557373046875
(0.0052, 0.0581, 0.2742)	Architecture [68-9]	 Time 0.3452	 Loss 0.6170	 edge-cpu 2615.614501953125
(0.0050, 0.0579, 0.2521)	Architecture [69-4]	 Time 0.3246	 Loss 0.6286	 edge-cpu 2608.72265625
(0.0120, 0.0602, 0.2636)	Architecture [69-9]	 Time 0.3439	 Loss 0.5679	 edge-cpu 2601.879150390625
(0.0033, 0.0559, 0.2758)	Architecture [70-4]	 Time 0.3450	 Loss 0.5589	 edge-cpu 2595.084716796875
(0.0030, 0.0561, 0.2789)	Architecture [70-9]	 Time 0.3460	 Loss 0.4922	 edge-cpu 2588.3388671875
(0.0050, 0.0575, 0.2781)	Architecture [71-4]	 Time 0.3505	 Loss 0.5345	 edge-cpu 2581.641845703125
(0.0077, 0.0730, 0.5302)	Architecture [71-9]	 Time 0.6190	 Loss 0.7354	 edge-cpu 2574.99267578125
(0.0049, 0.0541, 0.2419)	Architecture [72-4]	 Time 0.3104	 Loss 0.7383	 edge-cpu 2568.390869140625
(0.0048, 0.0569, 0.2908)	Architecture [72-9]	 Time 0.3605	 Loss 0.5178	 edge-cpu 2561.83544921875
(0.0135, 0.0570, 0.3801)	Architecture [73-4]	 Time 0.4608	 Loss 0.7090	 edge-cpu 2555.328857421875
(0.2900, 0.0727, 0.2593)	Architecture [73-9]	 Time 0.6300	 Loss 0.6701	 edge-cpu 2548.868408203125
(0.0055, 0.0588, 0.2789)	Architecture [74-4]	 Time 0.3531	 Loss 0.4926	 edge-cpu 2542.4541015625
(0.0053, 0.0573, 0.2447)	Architecture [74-9]	 Time 0.3156	 Loss 0.5011	 edge-cpu 2536.085205078125
(0.0053, 0.0580, 0.2626)	Architecture [75-4]	 Time 0.3360	 Loss 0.6227	 edge-cpu 2529.762939453125
(0.0049, 0.0575, 0.2641)	Architecture [75-9]	 Time 0.3346	 Loss 0.5909	 edge-cpu 2523.485595703125
(0.0051, 0.0572, 0.2742)	Architecture [76-4]	 Time 0.3462	 Loss 0.5841	 edge-cpu 2517.25537109375
(0.0049, 0.0568, 0.2858)	Architecture [76-9]	 Time 0.3555	 Loss 0.5470	 edge-cpu 2511.06689453125
(0.0050, 0.0612, 0.2888)	Architecture [77-4]	 Time 0.3650	 Loss 0.4979	 edge-cpu 2504.924072265625
(0.0048, 0.0558, 0.2720)	Architecture [77-9]	 Time 0.3406	 Loss 0.5088	 edge-cpu 2498.824951171875
(0.0119, 0.0553, 0.3114)	Architecture [78-4]	 Time 0.3889	 Loss 0.6635	 edge-cpu 2492.769287109375
(0.0048, 0.0573, 0.2547)	Architecture [78-9]	 Time 0.3249	 Loss 0.5608	 edge-cpu 2486.759033203125
(0.0051, 0.0567, 0.2691)	Architecture [79-4]	 Time 0.3407	 Loss 0.5922	 edge-cpu 2480.789306640625
(0.0047, 0.0567, 0.2507)	Architecture [79-9]	 Time 0.3199	 Loss 0.6897	 edge-cpu 2474.8642578125
(0.2668, 0.0695, 0.3507)	Architecture [80-4]	 Time 0.6966	 Loss 0.8388	 edge-cpu 2468.97998046875
(0.0078, 0.0560, 0.2547)	Architecture [80-9]	 Time 0.3280	 Loss 0.4979	 edge-cpu 2463.1376953125
(0.0056, 0.0562, 0.3845)	Architecture [81-4]	 Time 0.4561	 Loss 0.5056	 edge-cpu 2457.338623046875
(0.0033, 0.0588, 0.2530)	Architecture [81-9]	 Time 0.3230	 Loss 0.5962	 edge-cpu 2451.579345703125
(0.0072, 0.0590, 0.3076)	Architecture [82-4]	 Time 0.3832	 Loss 0.5027	 edge-cpu 2445.8623046875
(0.0049, 0.0553, 0.2704)	Architecture [82-9]	 Time 0.3384	 Loss 0.5637	 edge-cpu 2440.18505859375
(0.0108, 0.0557, 0.2909)	Architecture [83-4]	 Time 0.3671	 Loss 0.5748	 edge-cpu 2434.548828125
(0.0103, 0.0584, 0.2617)	Architecture [83-9]	 Time 0.3382	 Loss 0.4857	 edge-cpu 2428.95361328125
(0.0198, 0.0584, 0.2694)	Architecture [84-4]	 Time 0.3574	 Loss 0.4890	 edge-cpu 2423.397216796875
(0.0049, 0.0576, 0.3753)	Architecture [84-9]	 Time 0.4456	 Loss 0.7203	 edge-cpu 2417.8798828125
(0.0051, 0.0573, 0.2766)	Architecture [85-4]	 Time 0.3487	 Loss 0.6566	 edge-cpu 2412.4013671875
(0.0174, 0.0538, 0.2879)	Architecture [85-9]	 Time 0.3670	 Loss 0.7045	 edge-cpu 2406.962890625
(0.0207, 0.0550, 0.2526)	Architecture [86-4]	 Time 0.3382	 Loss 0.6759	 edge-cpu 2401.56298828125
(0.3156, 0.0763, 0.2655)	Architecture [86-9]	 Time 0.6654	 Loss 0.7233	 edge-cpu 2396.198974609375
(0.0057, 0.0587, 0.2579)	Architecture [87-4]	 Time 0.3318	 Loss 0.5049	 edge-cpu 2390.875244140625
(0.0044, 0.0580, 0.2901)	Architecture [87-9]	 Time 0.3603	 Loss 0.5310	 edge-cpu 2385.587646484375
(0.0062, 0.0562, 0.2992)	Architecture [88-4]	 Time 0.3714	 Loss 0.6684	 edge-cpu 2380.339111328125
(0.0184, 0.0575, 0.2592)	Architecture [88-9]	 Time 0.3431	 Loss 0.5797	 edge-cpu 2375.125
(0.0050, 0.0568, 0.2521)	Architecture [89-4]	 Time 0.3242	 Loss 0.6442	 edge-cpu 2369.94873046875
(0.0096, 0.0568, 0.3921)	Architecture [89-9]	 Time 0.4663	 Loss 0.5536	 edge-cpu 2364.80859375
(0.0049, 0.0565, 0.5537)	Architecture [90-4]	 Time 0.6250	 Loss 0.5278	 edge-cpu 2359.70458984375
(0.0068, 0.0633, 0.2643)	Architecture [90-9]	 Time 0.3425	 Loss 0.4342	 edge-cpu 2354.63623046875
(0.0086, 0.0568, 0.2887)	Architecture [91-4]	 Time 0.3639	 Loss 0.6371	 edge-cpu 2349.603271484375
(0.0049, 0.0558, 0.2968)	Architecture [91-9]	 Time 0.3655	 Loss 0.5962	 edge-cpu 2344.604736328125
(0.0050, 0.0583, 0.2440)	Architecture [92-4]	 Time 0.3169	 Loss 0.4922	 edge-cpu 2339.642822265625
(0.0244, 0.0581, 0.2652)	Architecture [92-9]	 Time 0.3556	 Loss 0.6257	 edge-cpu 2334.713134765625
(0.2902, 0.0696, 0.2372)	Architecture [93-4]	 Time 0.6065	 Loss 0.7197	 edge-cpu 2329.8193359375
(0.0055, 0.0556, 0.2457)	Architecture [93-9]	 Time 0.3165	 Loss 0.4550	 edge-cpu 2324.958251953125
(0.0060, 0.0548, 0.2702)	Architecture [94-4]	 Time 0.3410	 Loss 0.6526	 edge-cpu 2320.132080078125
(0.0080, 0.0600, 0.2576)	Architecture [94-9]	 Time 0.3332	 Loss 0.6030	 edge-cpu 2315.337890625
(0.0086, 0.0613, 0.2564)	Architecture [95-4]	 Time 0.3362	 Loss 0.6072	 edge-cpu 2310.576904296875
(0.0049, 0.0589, 0.2651)	Architecture [95-9]	 Time 0.3368	 Loss 0.6332	 edge-cpu 2305.849365234375
(0.0062, 0.0553, 0.2526)	Architecture [96-4]	 Time 0.3234	 Loss 0.4766	 edge-cpu 2301.15380859375
(0.0160, 0.0581, 0.2796)	Architecture [96-9]	 Time 0.3613	 Loss 0.4394	 edge-cpu 2296.4912109375
(0.0127, 0.0555, 0.2707)	Architecture [97-4]	 Time 0.3485	 Loss 0.4729	 edge-cpu 2291.85791015625
(0.0049, 0.0566, 0.2496)	Architecture [97-9]	 Time 0.3189	 Loss 0.6210	 edge-cpu 2287.259033203125
(0.0139, 0.0551, 0.2509)	Architecture [98-4]	 Time 0.3299	 Loss 0.5747	 edge-cpu 2282.690185546875
(0.0069, 0.0560, 0.3495)	Architecture [98-9]	 Time 0.4203	 Loss 0.5150	 edge-cpu 2278.153076171875
(0.0049, 0.0581, 0.2748)	Architecture [99-4]	 Time 0.3474	 Loss 0.6372	 edge-cpu 2273.64599609375
(0.2835, 0.0692, 0.2683)	Architecture [99-9]	 Time 0.6292	 Loss 0.6827	 edge-cpu 2269.170166015625
(0.0201, 0.0602, 0.2701)	Architecture [100-4]	 Time 0.3601	 Loss 0.4828	 edge-cpu 2264.724609375
(0.0043, 0.1280, 0.2790)	Architecture [100-9]	 Time 0.4192	 Loss 0.6211	 edge-cpu 2260.30908203125
